Method 'SystemVoidCosmosSystemKernelStart', ID = '0'
Method 'SystemVoidCosmosIL2CPURuntimeEngineInitializeApplication', ID = '1'
Method 'SystemVoidCosmosIL2CPURuntimeEngineFinalizeApplicationSystemInt32', ID = '2'
Method 'SystemBooleanCosmosIL2CPUVTablesImplIsInstanceSystemUInt32SystemUInt32SystemBoolean', ID = '3'
Method 'SystemVoidCosmosIL2CPUVTablesImplSetTypeInfoSystemInt32SystemUInt32SystemUInt32SystemUInt32arraySystemUInt32SystemUInt32arraySystemUInt32arraySystemUInt32SystemUInt32arraySystemUInt32array', ID = '4'
Method 'SystemVoidCosmosIL2CPUVTablesImplSetInterfaceInfoSystemInt32SystemInt32SystemUInt32', ID = '5'
Method 'SystemVoidCosmosIL2CPUVTablesImplSetMethodInfoSystemInt32SystemInt32SystemUInt32SystemUInt32', ID = '6'
Method 'SystemVoidCosmosIL2CPUVTablesImplSetInterfaceMethodInfoSystemInt32SystemInt32SystemUInt32SystemUInt32', ID = '7'
Method 'SystemUInt32CosmosIL2CPUVTablesImplGetMethodAddressForTypeSystemUInt32SystemUInt32', ID = '8'
Method 'SystemUInt32CosmosIL2CPUVTablesImplGetMethodAddressForInterfaceTypeSystemUInt32SystemUInt32', ID = '9'
Method 'SystemVoidCosmosIL2CPUExceptionHelperThrowNotImplementedSystemString', ID = '13'
Method 'SystemVoidCosmosIL2CPUExceptionHelperThrowOverflow', ID = '14'
Method 'SystemVoidCosmosIL2CPUExceptionHelperThrowInvalidOperationSystemString', ID = '15'
Method 'SystemVoidCosmosIL2CPUExceptionHelperThrowArgumentOutOfRangeSystemString', ID = '16'
Method 'SystemVoidSystemArrayctor', ID = '18'
Method 'SystemDelegatearraySystemMulticastDelegateGetInvocationList', ID = '19'
Method 'SystemVoidCosmosIL2CPUExceptionHelperThrowInvalidCastException', ID = '21'
Method 'SystemVoidCosmosIL2CPUExceptionHelperThrowNotFiniteNumberExceptionSystemDouble', ID = '22'
Method 'SystemVoidCosmosIL2CPUExceptionHelperThrowDivideByZeroException', ID = '23'
Method 'SystemVoidCosmosIL2CPUExceptionHelperThrowIndexOutOfRangeException', ID = '24'
Method 'SystemVoidJetOSKernelctor', ID = '25'
Method 'SystemVoidCosmosDebugKernelDebuggerSendSystemString', ID = '30'
Method 'SystemVoidCosmosHALBootstrapInit', ID = '34'
Method 'CosmosHALTextScreenBaseCosmosSystemKernelGetTextScreen', ID = '35'
Method 'SystemVoidCosmosSystemGlobalInitCosmosHALTextScreenBase', ID = '36'
Method 'SystemVoidCosmosSystemKernelBeforeRun', ID = '37'
Method 'SystemVoidCosmosHALGlobalEnableInterrupts', ID = '38'
Method 'SystemVoidCosmosSystemKernelAfterRun', ID = '40'
Method 'SystemVoidCosmosIL2CPURuntimeEngineInitializeEngine', ID = '44'
Method 'SystemVoidCosmosIL2CPURuntimeEngineHeap_Initialize', ID = '45'
Method 'SystemVoidCosmosIL2CPURuntimeEngineFinalizeEngine', ID = '47'
Method 'SystemVoidCosmosIL2CPURuntimeEngineExitProcessSystemInt32', ID = '48'
Method 'SystemVoidCosmosIL2CPUVTablesImplDebugSystemString', ID = '54'
Method 'SystemVoidCosmosIL2CPUVTablesImplDebugHexSystemStringSystemUInt32', ID = '55'
Method 'SystemVoidCosmosIL2CPUVTablesImplDebugAndHaltSystemString', ID = '57'
Method 'SystemVoidCosmosDebugKernelPlugsAsmDebuggerAsmSendKernelPanicSystemUInt32', ID = '59'
Method 'SystemVoidCosmosCore_PlugsGCImplementionImplIncRefCountSystemUInt32', ID = '61'
Method 'SystemVoidCosmosCore_PlugsGCImplementionImplDecRefCountSystemUInt32', ID = '62'
Method 'SystemUInt32CosmosCore_PlugsGCImplementionImplAllocNewObjectSystemUInt32', ID = '63'
Method 'SystemVoidSystemNotImplementedExceptionctorSystemString', ID = '65'
Method 'SystemVoidSystemOverflowExceptionctorSystemString', ID = '66'
Method 'SystemVoidSystemInvalidOperationExceptionctorSystemString', ID = '67'
Method 'SystemVoidSystemArgumentOutOfRangeExceptionctorSystemString', ID = '68'
Method 'SystemDelegatearraySystemDelegateGetInvocationList', ID = '79'
Method 'SystemInt32SystemIntPtrop_ExplicitSystemIntPtr', ID = '82'
Method 'SystemVoidSystemInvalidCastExceptionctor', ID = '83'
Method 'SystemVoidSystemNotFiniteNumberExceptionctorSystemDouble', ID = '85'
Method 'SystemVoidSystemDivideByZeroExceptionctor', ID = '86'
Method 'SystemVoidSystemIndexOutOfRangeExceptionctor', ID = '87'
Method 'SystemVoidCosmosSystemKernelctor', ID = '89'
Method 'SystemVoidCosmosSystemGlobalcctor', ID = '91'
Method 'SystemVoidCosmosCore_PlugsSystemExceptionImplCtorSystemString', ID = '95'
Method 'SystemVoidCosmosCoreBootstrapInit', ID = '102'
Method 'SystemVoidCosmosSystemConsolectorCosmosHALTextScreenBase', ID = '104'
Method 'SystemVoidCosmosHALGlobalInitCosmosHALTextScreenBase', ID = '106'
Method 'SystemVoidCosmosSystemGlobalset_NumLockSystemBoolean', ID = '107'
Method 'SystemVoidCosmosSystemGlobalset_CapsLockSystemBoolean', ID = '108'
Method 'SystemVoidCosmosSystemGlobalset_ScrollLockSystemBoolean', ID = '109'
Method 'SystemVoidJetOSKernelBeforeRun', ID = '110'
Method 'SystemVoidCosmosCoreCPUEnableInterrupts', ID = '112'
Method 'SystemVoidJetOSKernelRun', ID = '113'
Method 'SystemVoidCosmosSystem_PlugsSystemConsoleImplWriteLineSystemString', ID = '115'
Method 'SystemStringSystemValueTypeToString', ID = '116'
Method 'SystemStringSystemStringToString', ID = '117'
Method 'SystemStringSystemBooleanToString', ID = '120'
Method 'SystemStringCosmosCore_PlugsSystemObjectImplToString', ID = '123'
Method 'SystemVoidCosmosIL2CPURuntimeEnginecctor', ID = '124'
Method 'SystemVoidSystemBooleancctor', ID = '130'
Method 'SystemVoidCosmosIL2CPUVTablesImplcctor', ID = '133'
Method 'SystemVoidCosmosDebugKernelDebuggerSendNumberSystemUInt32', ID = '135'
Method 'SystemVoidCosmosCoreMemoryOldGlobalSystemInfoEnsureInitialized', ID = '143'
Method 'SystemUInt32CosmosCoreMemoryOldHeapMemAllocSystemUInt32', ID = '144'
Method 'SystemVoidSystemSystemExceptionctorSystemString', ID = '146'
Method 'SystemVoidSystemExceptionset_HResultSystemInt32', ID = '147'
Method 'SystemVoidSystemArithmeticExceptionctorSystemString', ID = '149'
Method 'SystemStringSystemSRget_Arg_ArgumentOutOfRangeException', ID = '152'
Method 'SystemVoidSystemArgumentExceptionctorSystemStringSystemString', ID = '153'
Method 'SystemVoidCosmosCore_PlugsSystemObjectImplCtor', ID = '154'
Method 'SystemStringSystemSRget_Arg_InvalidCastException', ID = '168'
Method 'SystemVoidSystemDoublecctor', ID = '169'
Method 'SystemVoidSystemArithmeticExceptionctor', ID = '173'
Method 'SystemStringSystemSRget_Arg_DivideByZero', ID = '175'
Method 'SystemStringSystemSRget_Arg_IndexOutOfRangeException', ID = '177'
Method 'SystemVoidCosmosDebugKernelDebuggerctorSystemStringSystemString', ID = '178'
Method 'SystemVoidCosmosDebugKernelPlugsAsmDebuggerAsmDoSendSystemString', ID = '180'
Method 'SystemVoidSystemExceptioncctor', ID = '181'
Method 'SystemVoidCosmosCoreINTsDummy', ID = '185'
Method 'SystemVoidCosmosCorePICctor', ID = '186'
Method 'SystemVoidCosmosHALTextScreenctor', ID = '199'
Method 'SystemVoidCosmosCoreGlobalInit', ID = '202'
Method 'SystemVoidCosmosHALPCISetup', ID = '204'
Method 'SystemVoidCosmosCoreACPIStartSystemBooleanSystemBoolean', ID = '205'
Method 'SystemVoidCosmosHALPS2ControllerInitialize', ID = '207'
Method 'SystemVoidCosmosHALBlockDeviceIDEInitDriver', ID = '208'
Method 'SystemVoidCosmosHALBlockDeviceAHCIInitDriver', ID = '209'
Method 'SystemVoidCosmosSystemKeyboardManagerset_NumLockSystemBoolean', ID = '210'
Method 'SystemVoidCosmosSystemKeyboardManagerset_CapsLockSystemBoolean', ID = '211'
Method 'SystemVoidCosmosSystemKeyboardManagerset_ScrollLockSystemBoolean', ID = '212'
Method 'SystemVoidCosmosHALGlobalcctor', ID = '213'
Method 'SystemVoidJetOSAppctor', ID = '219'
Method 'SystemVoidJetOSSystemCmdctor', ID = '220'
Method 'SystemUInt32PrivateImplementationDetailsComputeStringHashSystemString', ID = '221'
Method 'SystemBooleanSystemStringop_EqualitySystemStringSystemString', ID = '222'
Method 'SystemVoidJetOSSystemCmdHelp', ID = '223'
Method 'SystemVoidJetOSSystemCmdClear', ID = '224'
Method 'SystemVoidJetOSAppPlus', ID = '225'
Method 'SystemVoidJetOSAppMultiply', ID = '226'
Method 'SystemVoidJetOSAppMinus', ID = '227'
Method 'SystemVoidJetOSAppDivide', ID = '228'
Method 'SystemVoidJetOSAppRandomApp', ID = '229'
Method 'SystemVoidSystemConsolecctor', ID = '230'
Method 'SystemStringSystemEnvironmentget_NewLine', ID = '232'
Method 'SystemStringSystemStringConcatSystemStringSystemString', ID = '233'
Method 'SystemVoidCosmosSystem_PlugsSystemConsoleImplWriteSystemString', ID = '234'
Method 'SystemStringCosmosSystem_PlugsSystemInt32ImplToString', ID = '236'
Method 'SystemStringCosmosSystem_PlugsSystemUInt32ImplToString', ID = '237'
Method 'SystemStringCosmosSystem_PlugsSystemDoubleImplToString', ID = '238'
Method 'SystemStringCosmosCore_PlugsSystemExceptionImplToString', ID = '239'
Method 'SystemUInt32CosmosCoreMemoryOldGlobalSystemInfoget_TotalDataLookupTableSize', ID = '251'
Method 'SystemBooleanCosmosCoreCPUDisableInterrupts', ID = '255'
Method 'SystemVoidCosmosCoreMemoryOldHeapEnsureIsInitialized', ID = '256'
Method 'CosmosCoreMemoryOldGlobalInformationTablepointerCosmosCoreMemoryOldGlobalSystemInfoget_GlobalInformationTable', ID = '257'
Method 'SystemBooleanCosmosCoreMemoryOldHeapScanDataLookupTableCosmosCoreMemoryOldDataLookupTablepointerSystemUInt32SystemUInt32', ID = '259'
Method 'CosmosCoreMemoryOldDataLookupEntrypointerCosmosCoreMemoryOldDataLookupTableGetEntrySystemUInt32', ID = '262'
Method 'SystemVoidCosmosCoreMemoryOldHeapClearMemorySystemVoidpointerSystemUInt32', ID = '264'
Method 'SystemStringSystemSRGetResourceStringSystemStringSystemString', ID = '269'
Method 'SystemDoubleSystemBitConverterInt64BitsToDoubleSystemInt64', ID = '272'
Method 'SystemStringSystemSRget_Arg_ArithmeticException', ID = '274'
Method 'SystemVoidCosmosCoreBootstrapcctor', ID = '276'
Method 'SystemVoidCosmosCoreINTsHandleInterrupt_DefaultCosmosCoreINTsIRQContext', ID = '279'
Method 'SystemVoidCosmosCoreINTsHandleInterrupt_00CosmosCoreINTsIRQContext', ID = '280'
Method 'SystemVoidCosmosCoreINTsHandleInterrupt_01CosmosCoreINTsIRQContext', ID = '281'
Method 'SystemVoidCosmosCoreINTsHandleInterrupt_02CosmosCoreINTsIRQContext', ID = '282'
Method 'SystemVoidCosmosCoreINTsHandleInterrupt_03CosmosCoreINTsIRQContext', ID = '283'
Method 'SystemVoidCosmosCoreINTsHandleInterrupt_04CosmosCoreINTsIRQContext', ID = '284'
Method 'SystemVoidCosmosCoreINTsHandleInterrupt_05CosmosCoreINTsIRQContext', ID = '285'
Method 'SystemVoidCosmosCoreINTsHandleInterrupt_06CosmosCoreINTsIRQContext', ID = '286'
Method 'SystemVoidCosmosCoreINTsHandleInterrupt_07CosmosCoreINTsIRQContext', ID = '287'
Method 'SystemVoidCosmosCoreINTsHandleInterrupt_08CosmosCoreINTsIRQContext', ID = '288'
Method 'SystemVoidCosmosCoreINTsHandleInterrupt_09CosmosCoreINTsIRQContext', ID = '289'
Method 'SystemVoidCosmosCoreINTsHandleInterrupt_0ACosmosCoreINTsIRQContext', ID = '290'
Method 'SystemVoidCosmosCoreINTsHandleInterrupt_0BCosmosCoreINTsIRQContext', ID = '291'
Method 'SystemVoidCosmosCoreINTsHandleInterrupt_0CCosmosCoreINTsIRQContext', ID = '292'
Method 'SystemVoidCosmosCoreINTsHandleInterrupt_0DCosmosCoreINTsIRQContext', ID = '293'
Method 'SystemVoidCosmosCoreINTsHandleInterrupt_0ECosmosCoreINTsIRQContext', ID = '294'
Method 'SystemVoidCosmosCoreINTsHandleInterrupt_0FCosmosCoreINTsIRQContext', ID = '295'
Method 'SystemVoidCosmosCoreINTsHandleInterrupt_10CosmosCoreINTsIRQContext', ID = '296'
Method 'SystemVoidCosmosCoreINTsHandleInterrupt_11CosmosCoreINTsIRQContext', ID = '297'
Method 'SystemVoidCosmosCoreINTsHandleInterrupt_12CosmosCoreINTsIRQContext', ID = '298'
Method 'SystemVoidCosmosCoreINTsHandleInterrupt_13CosmosCoreINTsIRQContext', ID = '299'
Method 'SystemVoidCosmosCoreINTsHandleInterrupt_20CosmosCoreINTsIRQContext', ID = '300'
Method 'SystemVoidCosmosCoreINTsHandleInterrupt_21CosmosCoreINTsIRQContext', ID = '301'
Method 'SystemVoidCosmosCoreINTsHandleInterrupt_22CosmosCoreINTsIRQContext', ID = '302'
Method 'SystemVoidCosmosCoreINTsHandleInterrupt_23CosmosCoreINTsIRQContext', ID = '303'
Method 'SystemVoidCosmosCoreINTsHandleInterrupt_24CosmosCoreINTsIRQContext', ID = '304'
Method 'SystemVoidCosmosCoreINTsHandleInterrupt_25CosmosCoreINTsIRQContext', ID = '305'
Method 'SystemVoidCosmosCoreINTsHandleInterrupt_26CosmosCoreINTsIRQContext', ID = '306'
Method 'SystemVoidCosmosCoreINTsHandleInterrupt_27CosmosCoreINTsIRQContext', ID = '307'
Method 'SystemVoidCosmosCoreINTsHandleInterrupt_28CosmosCoreINTsIRQContext', ID = '308'
Method 'SystemVoidCosmosCoreINTsHandleInterrupt_29CosmosCoreINTsIRQContext', ID = '309'
Method 'SystemVoidCosmosCoreINTsHandleInterrupt_2ACosmosCoreINTsIRQContext', ID = '310'
Method 'SystemVoidCosmosCoreINTsHandleInterrupt_2BCosmosCoreINTsIRQContext', ID = '311'
Method 'SystemVoidCosmosCoreINTsHandleInterrupt_2CCosmosCoreINTsIRQContext', ID = '312'
Method 'SystemVoidCosmosCoreINTsHandleInterrupt_2DCosmosCoreINTsIRQContext', ID = '313'
Method 'SystemVoidCosmosCoreINTsHandleInterrupt_2ECosmosCoreINTsIRQContext', ID = '314'
Method 'SystemVoidCosmosCoreINTsHandleInterrupt_2FCosmosCoreINTsIRQContext', ID = '315'
Method 'SystemVoidCosmosCoreINTsHandleInterrupt_30CosmosCoreINTsIRQContext', ID = '316'
Method 'SystemVoidCosmosCoreINTsHandleInterrupt_35CosmosCoreINTsIRQContext', ID = '317'
Method 'SystemVoidCosmosCoreINTsHandleInterrupt_40CosmosCoreINTsIRQContext', ID = '318'
Method 'SystemVoidCosmosCoreINTsHandleInterrupt_41CosmosCoreINTsIRQContext', ID = '319'
Method 'SystemVoidCosmosCoreINTsHandleInterrupt_42CosmosCoreINTsIRQContext', ID = '320'
Method 'SystemVoidCosmosCoreINTsHandleInterrupt_43CosmosCoreINTsIRQContext', ID = '321'
Method 'SystemVoidCosmosCoreINTsHandleInterrupt_44CosmosCoreINTsIRQContext', ID = '322'
Method 'SystemVoidCosmosCoreINTsHandleInterrupt_45CosmosCoreINTsIRQContext', ID = '323'
Method 'SystemVoidCosmosCoreINTsHandleInterrupt_46CosmosCoreINTsIRQContext', ID = '324'
Method 'SystemVoidCosmosCoreINTsHandleInterrupt_47CosmosCoreINTsIRQContext', ID = '325'
Method 'SystemVoidCosmosCoreINTsHandleInterrupt_48CosmosCoreINTsIRQContext', ID = '326'
Method 'SystemVoidCosmosCoreINTsHandleInterrupt_49CosmosCoreINTsIRQContext', ID = '327'
Method 'SystemVoidCosmosCoreIOGroupPICctorSystemBoolean', ID = '329'
Method 'SystemVoidCosmosCorePICRemapSystemByteSystemByteSystemByteSystemByte', ID = '330'
Method 'SystemVoidCosmosCore_AsmCPUImplUpdateIDTSystemBoolean', ID = '331'
Method 'SystemVoidCosmosCore_AsmCPUImplInitSSE', ID = '332'
Method 'SystemVoidCosmosCore_AsmCPUImplInitFloat', ID = '333'
Method 'SystemUInt32CosmosCore_AsmMultibootImplGetMBIAddress', ID = '335'
Method 'SystemVoidCosmosCoreIOGroupTextScreenctor', ID = '337'
Method 'SystemVoidCosmosHALTextScreenBasector', ID = '338'
Method 'SystemVoidCosmosSystem_PlugsSystemConsoleImplClear', ID = '347'
Method 'SystemVoidSystemCollectionsGenericList1anonymousTypeCosmosHALPCIDevicector', ID = '349'
Method 'SystemUInt16CosmosHALPCIDeviceGetHeaderTypeSystemUInt16SystemUInt16SystemUInt16', ID = '351'
Method 'SystemVoidCosmosHALPCICheckBusSystemUInt16', ID = '352'
Method 'SystemUInt16CosmosHALPCIDeviceGetVendorIDSystemUInt16SystemUInt16SystemUInt16', ID = '353'
Method 'SystemBooleanCosmosCoreACPIInit', ID = '355'
Method 'SystemVoidCosmosCoreACPIEnable', ID = '356'
Method 'SystemVoidCosmosHALPS2ControllerSendCommandCosmosHALPS2ControllerCommandSystemNullable1anonymousTypeSystemByte', ID = '359'
Method 'SystemByteCosmosHALPS2ControllerReadData', ID = '360'
Method 'SystemBooleanCosmosHALPS2ControllerWaitToReadData', ID = '361'
Method 'SystemVoidSystemNullable1anonymousTypeSystemBytectorSystemByte', ID = '362'
Method 'SystemBooleanCosmosHALPS2ControllerTestPortSystemByte', ID = '363'
Method 'SystemVoidCosmosHALPS2ControllerIdentifyDeviceSystemByteCosmosHALDevice', ID = '364'
Method 'SystemVoidCosmosHALBlockDeviceIDEInitializeCosmosHALBlockDeviceAtaControllerIdEnumCosmosHALBlockDeviceAtaBusPositionEnum', ID = '367'
Method 'SystemVoidCosmosHALBlockDeviceAHCIctorCosmosHALPCIDevice', ID = '370'
Method 'SystemVoidCosmosHALPITctor', ID = '375'
Method 'SystemVoidCosmosHALPS2Controllerctor', ID = '377'
Method 'SystemVoidCosmosCore_AsmCPUImplDoEnableInterrupts', ID = '378'
Method 'SystemStringCosmosSystem_PlugsSystemConsoleImplReadLine', ID = '379'
Method 'SystemBooleanSystemStringEqualsSystemStringSystemString', ID = '385'
Method 'SystemVoidCosmosSystem_PlugsSystemConsoleImplcctor', ID = '393'
Method 'SystemBooleanSystemStringIsNullOrEmptySystemString', ID = '395'
Method 'SystemVoidSystemStringFillStringCheckedSystemStringSystemInt32SystemString', ID = '397'
Method 'CosmosSystemConsoleCosmosSystem_PlugsSystemConsoleImplGetConsole', ID = '398'
Method 'SystemBytearraySystemTextEncodingGetBytesSystemString', ID = '400'
Method 'SystemVoidCosmosSystemConsoleWriteSystemBytearray', ID = '401'
Method 'SystemTypeCosmosCore_PlugsSystemObjectImplGetType', ID = '403'
Method 'SystemStringCosmosCommonStringHelperGetNumberStringSystemInt32', ID = '406'
Method 'SystemStringCosmosCommonStringHelperGetNumberStringSystemUInt32', ID = '409'
Method 'SystemStringCosmosCommonStringHelperGetNumberStringSystemDouble', ID = '412'
Method 'SystemVoidCosmosCore_PlugsSystemObjectImplcctor', ID = '414'
Method 'SystemVoidCosmosDebugKernelPlugsAsmDebuggerAsmDoSendNumberSystemUInt32', ID = '415'
Method 'SystemUInt32CosmosCore_AsmCPUImplGetEndOfKernel', ID = '416'
Method 'SystemVoidCosmosCore_AsmCPUImplZeroFillSystemUInt32SystemUInt32', ID = '417'
Method 'SystemVoidCosmosCoreMemoryOldHeapcctor', ID = '418'
Method 'SystemVoidCosmosCoreMemoryOldHeapDoInitializeSystemUInt32', ID = '422'
Method 'SystemVoidSystemSRcctor', ID = '427'
Method 'SystemStringCosmosSystem_PlugsSystemIntPtrImplToString', ID = '430'
Method 'SystemVoidCosmosCoreCPUctor', ID = '433'
Method 'SystemVoidCosmosCoreINTscctor', ID = '434'
Method 'CosmosCorePICCosmosCoreGlobalget_PIC', ID = '436'
Method 'SystemVoidCosmosCorePICEoiSlave', ID = '437'
Method 'SystemVoidCosmosCorePICEoiMaster', ID = '438'
Method 'SystemVoidCosmosCoreINTsHandleExceptionSystemUInt32SystemStringSystemStringCosmosCoreINTsIRQContextSystemUInt32', ID = '439'
Method 'SystemVoidCosmosCore_AsmDelegateImplInvoke', ID = '654'
Method 'SystemVoidCosmosCoreINTsIRQSystemUInt32CosmosCoreINTsIRQContext', ID = '443'
Method 'SystemVoidCosmosCoreIOPortctorSystemUInt16', ID = '446'
Method 'SystemVoidCosmosCoreIOGroupIOGroupctor', ID = '447'
Method 'SystemByteCosmosCoreIOPortget_Byte', ID = '449'
Method 'SystemVoidCosmosCoreIOPortset_ByteSystemByte', ID = '450'
Method 'SystemVoidCosmosCoreIOPortWait', ID = '451'
Method 'SystemVoidCosmosCoreMemoryBlockctorSystemUInt32SystemUInt32', ID = '454'
Method 'SystemVoidCosmosHALDevicector', ID = '455'
Method 'SystemVoidCosmosHALTextScreenSetColorsSystemConsoleColorSystemConsoleColor', ID = '458'
Method 'SystemUInt16CosmosHALTextScreenget_Cols', ID = '460'
Method 'SystemUInt16CosmosHALTextScreenget_Rows', ID = '461'
Method 'SystemVoidCosmosHALTextScreenSetCursorSizeSystemInt32', ID = '462'
Method 'SystemVoidCosmosHALTextScreenSetCursorVisibleSystemBoolean', ID = '463'
Method 'SystemVoidCosmosCoreGlobalcctor', ID = '464'
Method 'SystemVoidCosmosSystemConsoleClear', ID = '465'
Method 'SystemUInt32CosmosHALPCIDeviceGetAddressBaseSystemUInt32SystemUInt32SystemUInt32', ID = '469'
Method 'SystemVoidCosmosCoreIOPortset_DWordSystemUInt32', ID = '472'
Method 'SystemUInt32CosmosCoreIOPortget_DWord', ID = '473'
Method 'SystemVoidCosmosHALPCIDevicectorSystemUInt32SystemUInt32SystemUInt32', ID = '474'
Method 'SystemVoidCosmosHALPCICheckFunctionCosmosHALPCIDevice', ID = '475'
Method 'SystemVoidCosmosCoreACPIcctor', ID = '476'
Method 'SystemUInt32CosmosCoreACPIRSDPAddress', ID = '477'
Method 'SystemInt32CosmosCoreACPIacpiCheckHeaderSystemBytepointerSystemString', ID = '478'
Method 'SystemInt32pointerCosmosCoreACPIfacpgetSystemInt32', ID = '480'
Method 'SystemInt32CosmosCoreACPICompareSystemStringSystemBytepointer', ID = '481'
Method 'SystemByteCosmosCoreACPIfacpbgetSystemInt32', ID = '485'
Method 'SystemStringSystemNullable1anonymousTypeSystemByteToString', ID = '496'
Method 'SystemBooleanCosmosHALPS2ControllerWaitToWrite', ID = '498'
Method 'SystemVoidCosmosCoreIOPortWriteset_ByteSystemByte', ID = '500'
Method 'SystemBooleanSystemNullable1anonymousTypeSystemByteget_HasValue', ID = '501'
Method 'SystemByteSystemNullable1anonymousTypeSystemByteget_Value', ID = '502'
Method 'SystemByteCosmosCoreIOPortReadget_Byte', ID = '503'
Method 'SystemStringCosmosCommonExtensionsToHexStringToHexSystemByte', ID = '505'
Method 'SystemStringSystemStringConcatSystemStringSystemStringSystemStringSystemString', ID = '506'
Method 'SystemStringSystemStringConcatSystemStringarray', ID = '507'
Method 'SystemStringSystemStringConcatSystemStringSystemStringSystemString', ID = '508'
Method 'SystemVoidCosmosHALPS2ControllerSendDeviceCommandCosmosHALPS2ControllerDeviceCommandSystemBooleanSystemNullable1anonymousTypeSystemByte', ID = '510'
Method 'SystemBooleanCosmosHALPS2ControllerReadByteAfterAckWithTimeoutSystemByte', ID = '511'
Method 'SystemVoidCosmosHALPS2MousectorSystemByteSystemByte', ID = '512'
Method 'SystemBooleanCosmosHALPS2ControllerReadDataWithTimeoutSystemByte', ID = '514'
Method 'SystemVoidCosmosHALPS2KeyboardctorSystemByte', ID = '515'
Method 'SystemVoidCosmosHALBlockDeviceIDEcctor', ID = '517'
Method 'SystemVoidCosmosHALBlockDeviceAtaPioctorCosmosCoreIOGroupATACosmosHALBlockDeviceAtaControllerIdEnumCosmosHALBlockDeviceAtaBusPositionEnum', ID = '522'
Method 'CosmosHALBlockDeviceAtaPioSpecLevelCosmosHALBlockDeviceAtaPioget_DriveType', ID = '523'
Method 'SystemVoidSystemCollectionsGenericList1anonymousTypeCosmosHALBlockDeviceBlockDeviceAddCosmosHALBlockDeviceBlockDevice', ID = '526'
Method 'SystemBooleanCosmosHALBlockDeviceGPTIsGPTPartitionCosmosHALBlockDeviceBlockDevice', ID = '529'
Method 'SystemVoidCosmosHALBlockDeviceGPTctorCosmosHALBlockDeviceBlockDevice', ID = '530'
Method 'SystemInt32SystemCollectionsGenericList1anonymousTypeCosmosHALBlockDeviceGPTGPartInfoget_Count', ID = '532'
Method 'SystemVoidCosmosDebugKernelDebuggerSendNumberSystemInt32', ID = '533'
Method 'CosmosHALBlockDeviceGPTGPartInfoSystemCollectionsGenericList1anonymousTypeCosmosHALBlockDeviceGPTGPartInfoget_ItemSystemInt32', ID = '534'
Method 'SystemVoidCosmosHALBlockDevicePartitionctorCosmosHALBlockDeviceBlockDeviceSystemUInt64SystemUInt64', ID = '536'
Method 'SystemVoidCosmosHALBlockDeviceMBRctorSystemBytearray', ID = '538'
Method 'SystemVoidCosmosHALBlockDeviceEBRctorSystemBytearray', ID = '540'
Method 'SystemInt32SystemCollectionsGenericList1anonymousTypeCosmosHALBlockDeviceEBRPartInfoget_Count', ID = '542'
Method 'SystemInt32SystemCollectionsGenericList1anonymousTypeCosmosHALBlockDeviceMBRPartInfoget_Count', ID = '543'
Method 'CosmosHALBlockDeviceMBRPartInfoSystemCollectionsGenericList1anonymousTypeCosmosHALBlockDeviceMBRPartInfoget_ItemSystemInt32', ID = '544'
Method 'SystemVoidCosmosHALBlockDeviceAHCIcctor', ID = '546'
Method 'SystemVoidCosmosHALPCIDeviceEnableBusMasterSystemBoolean', ID = '547'
Method 'SystemVoidCosmosHALPCIDeviceEnableMemorySystemBoolean', ID = '548'
Method 'SystemUInt32CosmosHALPCIBaseAddressBarget_BaseAddress', ID = '549'
Method 'SystemVoidCosmosHALBlockDeviceRegistersGenericRegistersctorSystemUInt32', ID = '551'
Method 'SystemUInt32CosmosHALBlockDeviceRegistersGenericRegistersget_GlobalHostControl', ID = '553'
Method 'SystemVoidCosmosHALBlockDeviceRegistersGenericRegistersset_GlobalHostControlSystemUInt32', ID = '554'
Method 'SystemVoidCosmosHALBlockDeviceAHCIGetCapabilities', ID = '555'
Method 'SystemVoidSystemCollectionsGenericList1anonymousTypeCosmosHALBlockDevicePortsStoragePortset_CapacitySystemInt32', ID = '558'
Method 'SystemVoidCosmosHALBlockDeviceAHCIGetPorts', ID = '559'
Method 'SystemCollectionsGenericList1EnumeratoranonymousTypeCosmosHALBlockDevicePortsStoragePortSystemCollectionsGenericList1anonymousTypeCosmosHALBlockDevicePortsStoragePortGetEnumerator', ID = '560'
Method 'CosmosHALBlockDevicePortsStoragePortSystemCollectionsGenericList1EnumeratoranonymousTypeCosmosHALBlockDevicePortsStoragePortget_Current', ID = '561'
Method 'SystemBooleanSystemCollectionsGenericList1EnumeratoranonymousTypeCosmosHALBlockDevicePortsStoragePortMoveNext', ID = '568'
Method 'SystemVoidCosmosSystemKeyboardManagercctor', ID = '571'
Method 'SystemVoidSystemCollectionsGenericList1anonymousTypeCosmosHALPITPITTimerctor', ID = '573'
Method 'SystemVoidCosmosHALPITHandleIRQCosmosCoreINTsIRQContext', ID = '574'
Method 'SystemVoidCosmosCore_AsmDelegateImplCtorSystemObjectSystemIntPtr', ID = '815'
Method 'SystemVoidCosmosCoreINTsSetIrqHandlerSystemByteCosmosCoreINTsIRQDelegate', ID = '576'
Method 'SystemVoidCosmosHALPITset_T0CountdownSystemUInt16', ID = '577'
Method 'SystemVoidSystemCollectionsGenericList1anonymousTypeSystemCharctorSystemInt32', ID = '578'
Method 'CosmosSystemConsoleKeyExCosmosSystemKeyEventget_Key', ID = '579'
Method 'SystemInt32CosmosSystemConsoleget_X', ID = '580'
Method 'SystemVoidSystemCollectionsGenericList1anonymousTypeSystemCharRemoveAtSystemInt32', ID = '581'
Method 'SystemVoidCosmosSystemConsoleset_XSystemInt32', ID = '582'
Method 'SystemCharSystemCollectionsGenericList1anonymousTypeSystemCharget_ItemSystemInt32', ID = '583'
Method 'SystemVoidCosmosSystem_PlugsSystemConsoleImplWriteSystemChar', ID = '584'
Method 'SystemInt32SystemCollectionsGenericList1anonymousTypeSystemCharget_Count', ID = '585'
Method 'SystemCharCosmosSystemKeyEventget_KeyChar', ID = '586'
Method 'SystemVoidSystemCollectionsGenericList1anonymousTypeSystemCharAddSystemChar', ID = '587'
Method 'SystemVoidSystemCollectionsGenericList1anonymousTypeSystemCharctor', ID = '588'
Method 'CosmosSystemKeyEventCosmosSystemKeyboardManagerReadKey', ID = '589'
Method 'SystemVoidCosmosSystem_PlugsSystemConsoleImplWriteLine', ID = '590'
Method 'SystemChararraySystemCollectionsGenericList1anonymousTypeSystemCharToArray', ID = '591'
Method 'SystemCharCosmosCore_PlugsSystemStringImplget_CharsSystemInt32SystemCharpointer', ID = '594'
Method 'SystemInt32CosmosCore_PlugsSystemStringImplget_LengthSystemInt32', ID = '595'
Method 'SystemSingleCosmosSystem_PlugsSystemSingleImplParseSystemString', ID = '598'
Method 'SystemStringCosmosSystem_PlugsSystemSingleImplToString', ID = '599'
Method 'SystemVoidCosmosSystem_PlugsSystemConsoleImplWriteLineSystemStringSystemObject', ID = '600'
Method 'SystemVoidCosmosSystem_PlugsSystemRandomImplCtor', ID = '602'
Method 'SystemTextEncodingSystemTextEncodingget_ASCII', ID = '605'
Method 'SystemStringCosmosCore_PlugsSystemStringImplFastAllocateStringSystemInt32', ID = '609'
Method 'SystemVoidSystemStringwstrcpySystemCharpointerSystemCharpointerSystemInt32', ID = '610'
Method 'SystemStringSystemSRget_ArgumentNull_String', ID = '613'
Method 'SystemVoidSystemArgumentNullExceptionctorSystemStringSystemString', ID = '614'
Method 'SystemInt32SystemTextEncodingGetByteCountSystemString', ID = '615'
Method 'SystemInt32SystemTextEncodingGetBytesSystemStringSystemInt32SystemInt32SystemBytearraySystemInt32', ID = '616'
Method 'SystemVoidCosmosSystemConsoleDoLineFeed', ID = '617'
Method 'SystemVoidCosmosSystemConsoleDoCarriageReturn', ID = '618'
Method 'SystemVoidCosmosSystemConsoleDoTab', ID = '619'
Method 'SystemVoidCosmosSystemConsoleWriteSystemByte', ID = '620'
Method 'SystemStringSystemTypeToString', ID = '623'
Method 'SystemVoidCosmosCoreCosmosRuntimeTypectorSystemUInt32', ID = '627'
Method 'SystemInt64SystemBitConverterDoubleToInt64BitsSystemDouble', ID = '629'
Method 'SystemStringSystemCharToString', ID = '631'
Method 'SystemStringSystemStringSubstringSystemInt32SystemInt32', ID = '633'
Method 'SystemStringSystemArgumentOutOfRangeExceptionget_Message', ID = '634'
Method 'SystemStringSystemArgumentExceptionget_Message', ID = '635'
Method 'SystemStringCosmosCore_PlugsSystemExceptionImplget_Message', ID = '636'
Method 'SystemVoidCosmosCore_AsmCPUImplDoDisableInterrupts', ID = '637'
Method 'SystemUInt32CosmosCore_AsmCPUImplGetAmountOfRAM', ID = '638'
Method 'SystemStringCosmosCore_PlugsSystemSRImplInternalGetResourceStringSystemString', ID = '642'
Method 'SystemBooleanCosmosCore_PlugsSystemStringImplEqualsSystemStringSystemStringComparison', ID = '644'
Method 'SystemVoidSystemBitConvertercctor', ID = '649'
Method 'SystemVoidCosmosCoreINTsPutErrorCharSystemInt32SystemInt32SystemChar', ID = '652'
Method 'SystemVoidCosmosCoreINTsPutErrorStringSystemInt32SystemInt32SystemString', ID = '653'
Method 'SystemVoidCosmosCoreIOPortBasectorSystemUInt16', ID = '656'
Method 'SystemVoidCosmosCoreMemoryBlock08ctorSystemUInt32SystemUInt32', ID = '662'
Method 'SystemVoidCosmosCoreMemoryBlock16ctorSystemUInt32SystemUInt32', ID = '663'
Method 'SystemVoidCosmosCoreMemoryBlock32ctorSystemUInt32SystemUInt32', ID = '664'
Method 'SystemVoidCosmosCoreBaseIOGroupsctor', ID = '671'
Method 'SystemVoidCosmosSystemConsoleUpdateCursor', ID = '673'
Method 'SystemVoidSystemCollectionsGenericList1anonymousTypeCosmosHALPCIDevicecctor', ID = '674'
Method 'SystemVoidCosmosHALPCIDevicecctor', ID = '680'
Method 'SystemUInt16CosmosHALPCIDeviceReadRegister16SystemByte', ID = '683'
Method 'SystemByteCosmosHALPCIDeviceReadRegister8SystemByte', ID = '684'
Method 'SystemVoidCosmosHALPCIDeviceset_InterruptLineSystemByte', ID = '685'
Method 'SystemUInt32CosmosHALPCIDeviceReadRegister32SystemByte', ID = '687'
Method 'SystemVoidCosmosHALPCIBaseAddressBarctorSystemUInt32', ID = '688'
Method 'SystemVoidSystemCollectionsGenericList1anonymousTypeCosmosHALPCIDeviceAddCosmosHALPCIDevice', ID = '689'
Method 'SystemBooleanCosmosCoreACPICheck_RSDSystemUInt32', ID = '691'
Method 'SystemVoidSystemThrowHelperThrowInvalidOperationExceptionSystemExceptionResource', ID = '695'
Method 'SystemStringCosmosSystem_PlugsSystemByteImplToString', ID = '697'
Method 'SystemStringCosmosCommonExtensionsToHexStringConvertToHexSystemUInt32SystemInt32', ID = '699'
Method 'SystemVoidSystemArgumentNullExceptionctorSystemString', ID = '701'
Method 'SystemObjectSystemArrayClone', ID = '703'
Method 'SystemBooleanCosmosHALPS2ControllerWaitForAck', ID = '705'
Method 'SystemVoidCosmosHALMouseBasector', ID = '708'
Method 'SystemVoidCosmosHALPS2MouseInitialize', ID = '710'
Method 'SystemVoidCosmosHALKeyboardBasector', ID = '712'
Method 'SystemVoidCosmosHALPS2KeyboardInitialize', ID = '714'
Method 'CosmosHALPCIDeviceCosmosHALPCIGetDeviceClassCosmosHALClassIDCosmosHALSubclassID', ID = '715'
Method 'SystemVoidCosmosCoreBaseIOGroupscctor', ID = '716'
Method 'SystemVoidCosmosHALBlockDeviceAtactor', ID = '719'
Method 'CosmosHALBlockDeviceAtaPioSpecLevelCosmosHALBlockDeviceAtaPioDiscoverDrive', ID = '720'
Method 'SystemVoidCosmosHALBlockDeviceAtaPioInitDrive', ID = '721'
Method 'SystemVoidCosmosHALBlockDeviceBlockDevicecctor', ID = '723'
Method 'SystemVoidSystemCollectionsGenericList1anonymousTypeCosmosHALBlockDeviceBlockDeviceAddWithResizeCosmosHALBlockDeviceBlockDevice', ID = '725'
Method 'SystemVoidCosmosHALBlockDeviceAtacctor', ID = '726'
Method 'SystemStringCosmosHALBlockDeviceAtaToString', ID = '727'
Method 'SystemUInt64SystemBitConverterToUInt64SystemBytearraySystemInt32', ID = '728'
Method 'SystemVoidSystemCollectionsGenericList1anonymousTypeCosmosHALBlockDeviceGPTGPartInfoctor', ID = '729'
Method 'SystemUInt32SystemBitConverterToUInt32SystemBytearraySystemInt32', ID = '730'
Method 'SystemVoidCosmosHALBlockDeviceGPTParseParitionSystemBytearraySystemUInt32', ID = '731'
Method 'SystemVoidSystemThrowHelperThrowArgumentOutOfRange_IndexException', ID = '734'
Method 'SystemVoidCosmosHALBlockDeviceBlockDevicector', ID = '737'
Method 'SystemUInt64CosmosHALBlockDeviceBlockDeviceget_BlockSize', ID = '738'
Method 'SystemVoidCosmosHALBlockDeviceAtaPioReadBlockSystemUInt64SystemUInt64SystemBytearray', ID = '740'
Method 'SystemVoidCosmosHALBlockDevicePartitionReadBlockSystemUInt64SystemUInt64SystemBytearray', ID = '741'
Method 'SystemVoidSystemCollectionsGenericList1anonymousTypeCosmosHALBlockDeviceMBRPartInfoctor', ID = '742'
Method 'SystemVoidCosmosHALBlockDeviceMBRParsePartitionSystemBytearraySystemUInt32', ID = '743'
Method 'SystemVoidSystemCollectionsGenericList1anonymousTypeCosmosHALBlockDeviceEBRPartInfoctor', ID = '744'
Method 'SystemVoidCosmosHALBlockDeviceEBRParsePartitionSystemBytearraySystemUInt32', ID = '745'
Method 'CosmosHALPCIDeviceCosmosHALPCIGetDeviceClassCosmosHALClassIDCosmosHALSubclassIDCosmosHALProgramIF', ID = '748'
Method 'SystemVoidSystemCollectionsGenericList1anonymousTypeCosmosHALBlockDevicePortsStoragePortctor', ID = '749'
Method 'SystemVoidCosmosHALPCIDeviceWriteRegister16SystemByteSystemUInt16', ID = '750'
Method 'SystemUInt32CosmosCoreMemoryBlockget_ItemSystemUInt32', ID = '752'
Method 'SystemVoidCosmosCoreMemoryBlockset_ItemSystemUInt32SystemUInt32', ID = '753'
Method 'SystemUInt32CosmosHALBlockDeviceRegistersGenericRegistersget_Capabilities', ID = '754'
Method 'SystemVoidSystemThrowHelperThrowArgumentOutOfRangeExceptionSystemExceptionArgumentSystemExceptionResource', ID = '775'
Method 'SystemVoidSystemArrayCopySystemArraySystemInt32SystemArraySystemInt32SystemInt32', ID = '777'
Method 'SystemUInt32CosmosHALBlockDeviceRegistersGenericRegistersget_ImplementedPorts', ID = '779'
Method 'SystemVoidCosmosHALBlockDeviceRegistersPortRegistersctorSystemUInt32SystemUInt32', ID = '780'
Method 'CosmosHALBlockDeviceRegistersPortTypeCosmosHALBlockDeviceAHCICheckPortTypeCosmosHALBlockDeviceRegistersPortRegisters', ID = '781'
Method 'SystemStringSystemStringPadLeftSystemInt32SystemChar', ID = '783'
Method 'SystemVoidCosmosHALBlockDeviceAHCIPortRebaseCosmosHALBlockDeviceRegistersPortRegistersSystemUInt32', ID = '784'
Method 'SystemVoidCosmosHALBlockDevicePortsSATActorCosmosHALBlockDeviceRegistersPortRegisters', ID = '785'
Method 'SystemVoidSystemCollectionsGenericList1anonymousTypeCosmosHALBlockDevicePortsStoragePortAddCosmosHALBlockDevicePortsStoragePort', ID = '786'
Method 'SystemVoidSystemCollectionsGenericList1EnumeratoranonymousTypeCosmosHALBlockDevicePortsStoragePortctorSystemCollectionsGenericList1anonymousTypeCosmosHALBlockDevicePortsStoragePort', ID = '787'
Method 'SystemStringCosmosCore_PlugsSystemStringImplFormatSystemStringSystemObjectSystemObject', ID = '789'
Method 'SystemStringCosmosCore_PlugsSystemStringImplFormatSystemStringSystemObject', ID = '790'
Method 'SystemBooleanSystemCollectionsGenericList1EnumeratoranonymousTypeCosmosHALBlockDevicePortsStoragePortMoveNextRare', ID = '791'
Method 'SystemVoidSystemCollectionsGenericList1EnumeratoranonymousTypeCosmosHALBlockDevicePortsStoragePortDispose', ID = '795'
Method 'SystemVoidSystemCollectionsGenericList1anonymousTypeCosmosHALKeyboardBasector', ID = '796'
Method 'SystemVoidCosmosSystemScanMapsUS_Standardctor', ID = '798'
Method 'SystemVoidSystemCollectionsGenericQueue1anonymousTypeCosmosSystemKeyEventctor', ID = '800'
Method 'SystemCollectionsGenericIEnumerable1anonymousTypeCosmosHALKeyboardBaseCosmosHALGlobalGetKeyboardDevices', ID = '802'
Method 'SystemVoidCosmosSystemKeyboardManagerAddKeyboardCosmosHALKeyboardBase', ID = '805'
Method 'SystemUInt32CosmosHALPITget_T0DelyNS', ID = '809'
Method 'SystemInt32SystemCollectionsGenericList1anonymousTypeCosmosHALPITPITTimerget_Count', ID = '810'
Method 'CosmosHALPITPITTimerSystemCollectionsGenericList1anonymousTypeCosmosHALPITPITTimerget_ItemSystemInt32', ID = '811'
Method 'SystemVoidSystemCollectionsGenericList1anonymousTypeCosmosHALPITPITTimerRemoveAtSystemInt32', ID = '813'
Method 'SystemVoidCosmosCore_AsmDelegateImplInvoke', ID = '654'
Method 'SystemVoidCosmosCoreINTsSetIntHandlerSystemByteCosmosCoreINTsIRQDelegate', ID = '816'
Method 'SystemVoidSystemCollectionsGenericList1anonymousTypeSystemCharAddWithResizeSystemChar', ID = '823'
Method 'SystemVoidCosmosHALKeyboardBaseWaitForKey', ID = '824'
Method 'SystemInt32SystemCollectionsGenericQueue1anonymousTypeCosmosSystemKeyEventget_Count', ID = '825'
Method 'CosmosSystemKeyEventSystemCollectionsGenericQueue1anonymousTypeCosmosSystemKeyEventDequeue', ID = '826'
Method 'SystemVoidCosmosCore_PlugsSystemStringImplCtorSystemChararraySystemStringSystemInt32SystemCharpointer', ID = '828'
Method 'SystemVoidSystemCharcctor', ID = '829'
Method 'SystemBooleanCosmosCore_PlugsSystemStringImplEqualsHelperSystemStringSystemString', ID = '834'
Method 'SystemVoidSystemSinglecctor', ID = '835'
Method 'SystemStringSystemStringSubstringSystemInt32', ID = '839'
Method 'SystemVoidSystemFormatExceptionctor', ID = '840'
Method 'SystemVoidSystemCollectionsGenericList1anonymousTypeSystemInt32ctor', ID = '841'
Method 'SystemVoidSystemCollectionsGenericList1anonymousTypeSystemInt32AddSystemInt32', ID = '843'
Method 'SystemInt32SystemCollectionsGenericList1anonymousTypeSystemInt32get_ItemSystemInt32', ID = '844'
Method 'SystemInt32SystemCollectionsGenericList1anonymousTypeSystemInt32get_Count', ID = '845'
Method 'SystemStringCosmosCommonStringHelperGetNumberStringSystemSingle', ID = '848'
Method 'SystemVoidSystemRandomcctor', ID = '849'
Method 'SystemVoidCosmosCore_PlugsSystemEnvironmentImplCCtor', ID = '853'
Method 'SystemVoidSystemBufferMemcpySystemBytepointerSystemBytepointerSystemInt32', ID = '854'
Method 'SystemVoidSystemTextEncodingcctor', ID = '855'
Method 'SystemInt32SystemTextASCIIEncodingGetByteCountSystemString', ID = '862'
Method 'SystemInt32SystemTextASCIIEncodingGetBytesSystemStringSystemInt32SystemInt32SystemBytearraySystemInt32', ID = '864'
Method 'SystemVoidCosmosCore_PlugsSystemTypeImplCCtor', ID = '868'
Method 'SystemVoidCosmosCoreCosmosRuntimeTypector', ID = '871'
Method 'SystemVoidCosmosCommonStringHelpercctor', ID = '872'
Method 'SystemStringCosmosSystem_PlugsSystemUInt64ImplToString', ID = '873'
Method 'SystemStringSystemCharToStringSystemChar', ID = '874'
Method 'SystemChararrayCosmosCore_PlugsSystemStringImplToCharArray', ID = '875'
Method 'SystemStringSystemSRget_ArgumentOutOfRange_StartIndex', ID = '876'
Method 'SystemVoidSystemArgumentOutOfRangeExceptionctorSystemStringSystemString', ID = '877'
Method 'SystemStringSystemSRget_ArgumentOutOfRange_StartIndexLargerThanLength', ID = '878'
Method 'SystemStringSystemSRget_ArgumentOutOfRange_NegativeLength', ID = '879'
Method 'SystemStringSystemSRget_ArgumentOutOfRange_IndexLength', ID = '880'
Method 'SystemStringSystemStringInternalSubStringSystemInt32SystemInt32', ID = '881'
Method 'SystemStringSystemSRget_ArgumentOutOfRange_ActualValue', ID = '882'
Method 'SystemStringSystemSRFormatSystemStringSystemObject', ID = '883'
Method 'SystemStringSystemSRget_Arg_ParamName_Name', ID = '884'
Method 'SystemStringSystemStringToLower', ID = '886'
Method 'SystemStringCosmosSystem_PlugsSystemInt64ImplToString', ID = '887'
Method 'SystemVoidSystemNotImplementedExceptionctor', ID = '890'
Method 'SystemByteCosmosCore_AsmIOPortImplRead8SystemUInt16', ID = '891'
Method 'SystemVoidCosmosCore_AsmIOPortImplWrite8SystemUInt16SystemByte', ID = '892'
Method 'SystemStringCosmosSystem_PlugsSystemEnumImplToString', ID = '896'
Method 'SystemStringCosmosSystem_PlugsSystemUInt16ImplToString', ID = '897'
Method 'SystemVoidCosmosCoreIOGroupPS2Controllerctor', ID = '898'
Method 'SystemVoidCosmosCoreIOGroupPITctor', ID = '899'
Method 'SystemVoidCosmosCoreIOGroupATActorSystemBoolean', ID = '900'
Method 'SystemVoidCosmosCoreIOGroupRTCctor', ID = '901'
Method 'SystemVoidCosmosCoreIOGroupVBEIOGroupctor', ID = '902'
Method 'SystemVoidCosmosHALTextScreenClear', ID = '903'
Method 'SystemVoidCosmosCoreIOGroupPCIctor', ID = '905'
Method 'SystemVoidCosmosCore_AsmIOPortImplWrite32SystemUInt16SystemUInt32', ID = '906'
Method 'SystemUInt32CosmosCore_AsmIOPortImplRead32SystemUInt16', ID = '907'
Method 'SystemVoidSystemCollectionsGenericList1anonymousTypeCosmosHALPCIDeviceAddWithResizeCosmosHALPCIDevice', ID = '908'
Method 'SystemInvalidOperationExceptionSystemThrowHelperGetInvalidOperationExceptionSystemExceptionResource', ID = '911'
Method 'SystemStringCosmosCommonExtensionsToHexStringConvertToHexSystemUInt32', ID = '913'
Method 'SystemStringSystemSRget_ArgumentNull_Generic', ID = '919'
Method 'SystemVoidCosmosCore_PlugsSystemOutOfMemoryExceptionImplCtor', ID = '921'
Method 'SystemVoidCosmosHALPS2Mousecctor', ID = '923'
Method 'SystemVoidCosmosHALPS2MouseSendCommandCosmosHALPS2MouseCommandSystemNullable1anonymousTypeSystemByte', ID = '924'
Method 'SystemBooleanCosmosHALPS2ControllerWaitForDeviceReset', ID = '925'
Method 'SystemByteCosmosHALPS2MouseTryToEnableScrollWheel', ID = '926'
Method 'SystemByteCosmosHALPS2MouseTryToEnableAdditionalButtons', ID = '927'
Method 'SystemVoidCosmosHALPS2MouseHandleMouseCosmosCoreINTsIRQContext', ID = '928'
Method 'SystemVoidCosmosHALPS2KeyboardSendCommandCosmosHALPS2KeyboardCommandSystemNullable1anonymousTypeSystemByte', ID = '929'
Method 'SystemVoidCosmosHALPS2KeyboardHandleIRQCosmosCoreINTsIRQContext', ID = '930'
Method 'SystemCollectionsGenericList1EnumeratoranonymousTypeCosmosHALPCIDeviceSystemCollectionsGenericList1anonymousTypeCosmosHALPCIDeviceGetEnumerator', ID = '934'
Method 'CosmosHALPCIDeviceSystemCollectionsGenericList1EnumeratoranonymousTypeCosmosHALPCIDeviceget_Current', ID = '935'
Method 'SystemBooleanSystemCollectionsGenericList1EnumeratoranonymousTypeCosmosHALPCIDeviceMoveNext', ID = '936'
Method 'SystemVoidCosmosCoreIOGroupPCSpeakerctor', ID = '938'
Method 'SystemVoidCosmosHALBlockDeviceAtaPiocctor', ID = '940'
Method 'SystemStringCosmosHALBlockDeviceAtaPioToString', ID = '941'
Method 'SystemVoidCosmosHALBlockDeviceAtaPioSelectDriveSystemByte', ID = '942'
Method 'CosmosHALBlockDeviceAtaPioStatusCosmosHALBlockDeviceAtaPioSendCmdCosmosHALBlockDeviceAtaPioCmdSystemBoolean', ID = '943'
Method 'CosmosHALBlockDeviceAtaPioStatusCosmosHALBlockDeviceAtaPioSendCmdCosmosHALBlockDeviceAtaPioCmd', ID = '944'
Method 'SystemVoidCosmosCoreIOPortBaseRead16SystemUInt16array', ID = '945'
Method 'SystemStringCosmosHALBlockDeviceAtaPioGetStringSystemUInt16arraySystemInt32SystemInt32', ID = '946'
Method 'SystemVoidSystemCollectionsGenericList1anonymousTypeCosmosHALBlockDeviceBlockDevicector', ID = '947'
Method 'SystemVoidSystemCollectionsGenericList1anonymousTypeCosmosHALBlockDeviceBlockDevicecctor', ID = '948'
Method 'SystemVoidSystemCollectionsGenericList1anonymousTypeCosmosHALBlockDeviceBlockDeviceEnsureCapacitySystemInt32', ID = '954'
Method 'SystemInt64SystemBitConverterReadInt64SystemBytearraySystemInt32', ID = '955'
Method 'SystemInt32SystemBitConverterReadInt32SystemBytearraySystemInt32', ID = '957'
Method 'SystemVoidSystemArrayCopySystemArraySystemInt64SystemArraySystemInt64SystemInt64', ID = '958'
Method 'SystemVoidSystemGuidctorSystemBytearray', ID = '959'
Method 'SystemBooleanSystemGuidop_InequalitySystemGuidSystemGuid', ID = '962'
Method 'SystemVoidCosmosHALBlockDeviceGPTGPartInfoctorSystemGuidSystemGuidSystemUInt64SystemUInt64', ID = '963'
Method 'SystemVoidSystemCollectionsGenericList1anonymousTypeCosmosHALBlockDeviceGPTGPartInfoAddCosmosHALBlockDeviceGPTGPartInfo', ID = '964'
Method 'SystemVoidSystemCollectionsGenericList1anonymousTypeCosmosHALBlockDeviceGPTGPartInfocctor', ID = '965'
Method 'SystemVoidCosmosDebugKernelPlugsAsmDebuggerAsmDoSendNumberSystemInt32', ID = '971'
Method 'SystemArgumentOutOfRangeExceptionSystemThrowHelperGetArgumentOutOfRangeExceptionSystemExceptionArgumentSystemExceptionResource', ID = '972'
Method 'SystemStringCosmosHALBlockDevicePartitionToString', ID = '975'
Method 'SystemVoidCosmosHALBlockDeviceBlockDeviceCheckDataSizeSystemBytearraySystemUInt64', ID = '976'
Method 'SystemVoidCosmosHALBlockDeviceAtaPioSelectSectorSystemUInt64SystemUInt64', ID = '977'
Method 'SystemVoidCosmosCoreIOPortBaseRead8SystemBytearray', ID = '978'
Method 'SystemVoidCosmosHALBlockDeviceBlockDeviceCheckBlockNoSystemUInt64SystemUInt64', ID = '979'
Method 'SystemVoidCosmosHALBlockDeviceMBRPartInfoctorSystemByteSystemUInt32SystemUInt32', ID = '981'
Method 'SystemVoidSystemCollectionsGenericList1anonymousTypeCosmosHALBlockDeviceMBRPartInfoAddCosmosHALBlockDeviceMBRPartInfo', ID = '982'
Method 'SystemVoidCosmosHALBlockDeviceEBRPartInfoctorSystemByteSystemUInt32SystemUInt32', ID = '984'
Method 'SystemVoidSystemCollectionsGenericList1anonymousTypeCosmosHALBlockDeviceEBRPartInfoAddCosmosHALBlockDeviceEBRPartInfo', ID = '985'
Method 'SystemVoidSystemCollectionsGenericList1anonymousTypeCosmosHALBlockDeviceEBRPartInfocctor', ID = '986'
Method 'SystemVoidSystemCollectionsGenericList1anonymousTypeCosmosHALBlockDeviceMBRPartInfocctor', ID = '992'
Method 'SystemVoidCosmosCoreIOPortset_WordSystemUInt16', ID = '999'
Method 'SystemVoidSystemCollectionsGenericList1anonymousTypeCosmosHALBlockDevicePortsStoragePortcctor', ID = '1000'
Method 'SystemUInt32CosmosHALBlockDeviceRegistersPortRegistersget_SSTS', ID = '1008'
Method 'SystemUInt32CosmosHALBlockDeviceRegistersPortRegistersget_SIG', ID = '1009'
Method 'SystemStringSystemSRget_ArgumentOutOfRange_NeedNonNegNum', ID = '1010'
Method 'SystemBooleanCosmosHALBlockDeviceAHCIStopCMDCosmosHALBlockDeviceRegistersPortRegisters', ID = '1011'
Method 'SystemVoidCosmosHALBlockDevicePortsSATAPortResetCosmosHALBlockDeviceRegistersPortRegisters', ID = '1012'
Method 'SystemVoidCosmosHALBlockDeviceRegistersPortRegistersset_CLBSystemUInt32', ID = '1013'
Method 'SystemVoidCosmosHALBlockDeviceRegistersPortRegistersset_FBSystemUInt32', ID = '1014'
Method 'SystemVoidCosmosHALBlockDeviceRegistersPortRegistersset_SERRSystemUInt32', ID = '1015'
Method 'SystemVoidCosmosHALBlockDeviceRegistersPortRegistersset_ISSystemUInt32', ID = '1016'
Method 'SystemVoidCosmosHALBlockDeviceRegistersPortRegistersset_IESystemUInt32', ID = '1017'
Method 'SystemUInt32CosmosHALBlockDeviceRegistersPortRegistersget_CLB', ID = '1018'
Method 'SystemVoidCosmosCoreMemoryBlockFillSystemByte', ID = '1019'
Method 'SystemUInt32CosmosHALBlockDeviceRegistersPortRegistersget_FB', ID = '1020'
Method 'CosmosHALBlockDeviceRegistersHBACommandHeaderarrayCosmosHALBlockDeviceAHCIGetCommandHeaderCosmosHALBlockDeviceRegistersPortRegisters', ID = '1021'
Method 'SystemBooleanCosmosHALBlockDeviceAHCIStartCMDCosmosHALBlockDeviceRegistersPortRegisters', ID = '1022'
Method 'SystemVoidCosmosHALBlockDevicePortsStoragePortctor', ID = '1024'
Method 'SystemUInt32CosmosHALBlockDeviceRegistersPortRegistersget_CMD', ID = '1025'
Method 'SystemVoidCosmosCoreMemoryGroupAHCIctorSystemUInt32', ID = '1026'
Method 'SystemVoidCosmosHALBlockDevicePortsSATASendSATA28CommandCosmosHALBlockDeviceRegistersATACommandsSystemUInt32SystemUInt32', ID = '1027'
Method 'SystemVoidCosmosCoreMemoryBlockRead16SystemUInt16array', ID = '1029'
Method 'SystemStringCosmosHALBlockDevicePortsSATAGetStringSystemUInt16arraySystemInt32SystemInt32', ID = '1030'
Method 'SystemVoidSystemCollectionsGenericList1anonymousTypeCosmosHALBlockDevicePortsStoragePortAddWithResizeCosmosHALBlockDevicePortsStoragePort', ID = '1031'
Method 'SystemStringCosmosCore_PlugsSystemStringImplFormatHelperSystemIFormatProviderSystemStringSystemObjectarray', ID = '1032'
Method 'SystemVoidSystemThrowHelperThrowInvalidOperationException_InvalidOperation_EnumFailedVersion', ID = '1033'
Method 'SystemVoidCosmosSystemScanMapBasector', ID = '1037'
Method 'CosmosSystemKeyEventarraySystemArrayEmptyCosmosSystemKeyEvent', ID = '1039'
Method 'SystemVoidSystemCollectionsGenericList1anonymousTypeCosmosHALKeyboardBaseAddCosmosHALKeyboardBase', ID = '1041'
Method 'SystemCollectionsGenericIEnumerator1anonymousTypeCosmosHALKeyboardBaseSystemCollectionsGenericList1anonymousTypeCosmosHALKeyboardBaseSystemCollectionsGenericIEnumerableTGetEnumerator', ID = '1043'
Method 'SystemVoidCosmosSystemKeyboardManagerHandleScanCodeSystemByteSystemBoolean', ID = '1044'
Method 'SystemVoidCosmosCore_AsmDelegateImplCtorSystemObjectSystemIntPtr', ID = '815'
Method 'SystemVoidSystemCollectionsGenericList1anonymousTypeCosmosHALPITPITTimercctor', ID = '1046'
Method 'SystemVoidCosmosHALPITPITTimerDispose', ID = '1052'
Method 'SystemVoidSystemCollectionsGenericList1anonymousTypeSystemCharcctor', ID = '1055'
Method 'SystemBooleanCosmosCore_PlugsSystemRuntimeCompilerServicesRuntimeHelpersImplIsReferenceOrContainsReferencesanonymousType', ID = '1061'
Method 'SystemVoidSystemCollectionsGenericList1anonymousTypeSystemCharEnsureCapacitySystemInt32', ID = '1062'
Method 'CosmosCoreCPUCosmosCoreGlobalget_CPU', ID = '1063'
Method 'SystemVoidSystemCollectionsGenericQueue1anonymousTypeCosmosSystemKeyEventThrowForEmptyQueue', ID = '1065'
Method 'SystemVoidSystemCollectionsGenericQueue1anonymousTypeCosmosSystemKeyEventMoveNextSystemInt32', ID = '1067'
Method 'SystemVoidCosmosCore_AsmRuntimeHelpersImplInitializeArraySystemArraySystemRuntimeFieldHandle', ID = '1070'
Method 'SystemVoidCosmosCore_PlugsSystemStringImplcctor', ID = '1072'
Method 'SystemSingleSystemBitConverterInt32BitsToSingleSystemInt32', ID = '1074'
Method 'SystemStringSystemSRget_Arg_FormatException', ID = '1077'
Method 'SystemInt32CosmosSystem_PlugsSystemInt32ImplParseSystemString', ID = '1080'
Method 'SystemVoidSystemCollectionsGenericList1anonymousTypeSystemInt32AddWithResizeSystemInt32', ID = '1081'
Method 'SystemDoubleCosmosSystem_PlugsSystemMathImplPowSystemDoubleSystemDouble', ID = '1083'
Method 'SystemBytearraySystemBitConverterGetBytesSystemSingle', ID = '1084'
Method 'SystemInt32SystemBitConverterToInt32SystemBytearraySystemInt32', ID = '1085'
Method 'SystemVoidSystemTextASCIIEncodingcctor', ID = '1089'
Method 'SystemVoidSystemBufferMemmoveSystemBytepointerSystemBytepointerSystemUInt32', ID = '1092'
Method 'SystemVoidSystemTextUTF8EncodingUTF8EncodingSealedctorSystemBoolean', ID = '1093'
Method 'SystemInt32SystemTextEncodingGetByteCountSystemCharpointerSystemInt32SystemTextEncoderNLS', ID = '1096'
Method 'SystemInt32SystemTextASCIIEncodingGetByteCountSystemChararraySystemInt32SystemInt32', ID = '1097'
Method 'SystemStringSystemSRget_ArgumentNull_Array', ID = '1098'
Method 'SystemStringSystemSRget_ArgumentOutOfRange_IndexCount', ID = '1099'
Method 'SystemStringSystemSRget_ArgumentOutOfRange_Index', ID = '1100'
Method 'SystemInt32SystemTextEncodingGetBytesSystemCharpointerSystemInt32SystemBytepointerSystemInt32SystemTextEncoderNLS', ID = '1101'
Method 'SystemInt32SystemTextASCIIEncodingGetBytesSystemChararraySystemInt32SystemInt32SystemBytearraySystemInt32', ID = '1102'
Method 'SystemVoidCosmosHALTextScreenScrollUp', ID = '1103'
Method 'SystemVoidCosmosHALTextScreenset_ItemSystemInt32SystemInt32SystemByte', ID = '1104'
Method 'SystemStringCosmosCoreCosmosRuntimeTypeget_Name', ID = '1106'
Method 'SystemVoidSystemTypector', ID = '1107'
Method 'SystemStringCosmosCommonStringHelperGetNumberStringSystemUInt64', ID = '1111'
Method 'SystemStringSystemStringCreateFromCharSystemChar', ID = '1112'
Method 'SystemBooleanSystemSRUsingResourceKeys', ID = '1113'
Method 'SystemStringSystemStringJoinSystemStringSystemObjectarray', ID = '1114'
Method 'SystemStringCosmosCommonStringHelperGetNumberStringSystemInt64', ID = '1119'
Method 'SystemStringSystemSRget_Arg_NotImplementedException', ID = '1120'
Method 'SystemVoidCosmosCoreIOPortReadctorSystemUInt16', ID = '1125'
Method 'SystemVoidCosmosCoreIOPortWritectorSystemUInt16', ID = '1126'
Method 'SystemUInt16CosmosCoreIOGroupATAGetBAR0SystemBoolean', ID = '1127'
Method 'SystemUInt16CosmosCoreIOGroupATAGetBAR1SystemBoolean', ID = '1128'
Method 'SystemVoidCosmosCoreIOPortWritectorSystemUInt16SystemUInt16', ID = '1129'
Method 'SystemVoidCosmosCoreIOPortctorSystemUInt16SystemUInt16', ID = '1130'
Method 'SystemVoidCosmosCoreIOPortReadctorSystemUInt16SystemUInt16', ID = '1131'
Method 'SystemVoidCosmosCoreMemoryBlockFillSystemUInt16', ID = '1134'
Method 'SystemVoidCosmosHALTextScreenSetCursorPosSystemInt32SystemInt32', ID = '1135'
Method 'SystemVoidSystemCollectionsGenericList1anonymousTypeCosmosHALPCIDeviceEnsureCapacitySystemInt32', ID = '1136'
Method 'SystemStringSystemThrowHelperGetResourceStringSystemExceptionResource', ID = '1137'
Method 'SystemCharCosmosCommonExtensionsToHexStringDigitToHexCharSystemByte', ID = '1138'
Method 'SystemUInt64CosmosCore_PlugsSystemObjectImplMemberwiseClone', ID = '1140'
Method 'SystemByteCosmosHALPS2Mouseget_PS2Port', ID = '1143'
Method 'SystemVoidCosmosHALPS2ControllerPrepareSecondPortWrite', ID = '1144'
Method 'SystemByteCosmosHALPS2ControllerReadByteAfterAck', ID = '1145'
Method 'SystemBooleanCosmosHALPS2Mouseget_HasScrollWheel', ID = '1146'
Method 'SystemVoidCosmosCore_AsmDelegateImplInvoke', ID = '654'
Method 'SystemByteCosmosHALPS2Keyboardget_PS2Port', ID = '1149'
Method 'SystemVoidCosmosCore_AsmDelegateImplInvoke', ID = '654'
Method 'SystemVoidCosmosHALPS2KeyboardUpdateLeds', ID = '1151'
Method 'SystemVoidSystemCollectionsGenericList1EnumeratoranonymousTypeCosmosHALPCIDevicectorSystemCollectionsGenericList1anonymousTypeCosmosHALPCIDevice', ID = '1152'
Method 'SystemBooleanSystemCollectionsGenericList1EnumeratoranonymousTypeCosmosHALPCIDeviceMoveNextRare', ID = '1153'
Method 'SystemVoidSystemCollectionsGenericList1EnumeratoranonymousTypeCosmosHALPCIDeviceDispose', ID = '1154'
Method 'SystemVoidCosmosHALBlockDeviceAtaPioWait', ID = '1158'
Method 'SystemVoidCosmosHALBlockDeviceAtaPioDebugSystemString', ID = '1161'
Method 'SystemVoidCosmosHALBlockDeviceAtaPioDebugHexSystemStringSystemUInt32', ID = '1162'
Method 'SystemVoidSystemCollectionsGenericList1anonymousTypeCosmosHALBlockDeviceBlockDeviceset_CapacitySystemInt32', ID = '1166'
Method 'SystemVoidSystemThrowHelperThrowArgumentNullExceptionSystemExceptionArgument', ID = '1167'
Method 'SystemVoidSystemThrowHelperThrowArgumentExceptionSystemExceptionResourceSystemExceptionArgument', ID = '1168'
Method 'SystemInt64SystemRuntimeCompilerServicesUnsafeReadUnalignedSystemInt64SystemByte', ID = '1169'
Method 'SystemInt32SystemRuntimeCompilerServicesUnsafeReadUnalignedSystemInt32SystemByte', ID = '1170'
Method 'SystemStringSystemSRget_Arg_GuidArrayCtor', ID = '1171'
Method 'SystemVoidSystemGuidcctor', ID = '1172'
Method 'SystemStringSystemGuidToString', ID = '1173'
Method 'SystemBooleanSystemGuidop_EqualitySystemGuidSystemGuid', ID = '1176'
Method 'SystemVoidSystemCollectionsGenericList1anonymousTypeCosmosHALBlockDeviceGPTGPartInfoAddWithResizeCosmosHALBlockDeviceGPTGPartInfo', ID = '1177'
Method 'SystemStringSystemThrowHelperGetArgumentNameSystemExceptionArgument', ID = '1178'
Method 'SystemVoidCosmosCoreIOPortWriteset_WordSystemUInt16', ID = '1179'
Method 'SystemVoidSystemCollectionsGenericList1anonymousTypeCosmosHALBlockDeviceMBRPartInfoAddWithResizeCosmosHALBlockDeviceMBRPartInfo', ID = '1180'
Method 'SystemVoidSystemCollectionsGenericList1anonymousTypeCosmosHALBlockDeviceEBRPartInfoAddWithResizeCosmosHALBlockDeviceEBRPartInfo', ID = '1182'
Method 'SystemVoidCosmosCore_AsmArrayImplCopySystemArraySystemInt32SystemArraySystemInt32SystemInt32SystemBoolean', ID = '1184'
Method 'SystemVoidCosmosHALBlockDeviceRegistersPortRegistersset_CMDSystemUInt32', ID = '1185'
Method 'SystemVoidCosmosHALBlockDeviceAHCIWaitSystemInt32', ID = '1186'
Method 'SystemUInt32CosmosHALBlockDeviceRegistersPortRegistersget_CI', ID = '1187'
Method 'SystemUInt32CosmosHALBlockDeviceRegistersPortRegistersget_TFD', ID = '1188'
Method 'SystemVoidCosmosHALBlockDeviceAHCIHBAReset', ID = '1189'
Method 'SystemVoidCosmosHALBlockDeviceRegistersPortRegistersset_SCTLSystemUInt32', ID = '1190'
Method 'SystemUInt32CosmosHALBlockDeviceRegistersPortRegistersget_SCTL', ID = '1191'
Method 'SystemVoidCosmosCoreMemoryBlockFillSystemUInt32SystemUInt32SystemByte', ID = '1192'
Method 'SystemVoidCosmosHALBlockDeviceRegistersHBACommandHeaderctorSystemUInt32SystemUInt32', ID = '1195'
Method 'SystemVoidCosmosHALBlockDeviceRegistersHBACommandHeaderset_PRDTLSystemUInt16', ID = '1196'
Method 'SystemVoidCosmosHALBlockDeviceRegistersHBACommandHeaderset_CTBASystemUInt32', ID = '1197'
Method 'SystemVoidCosmosHALBlockDeviceRegistersHBACommandHeaderset_CTBAUSystemUInt32', ID = '1198'
Method 'SystemUInt32CosmosHALBlockDeviceRegistersHBACommandHeaderget_CTBA', ID = '1199'
Method 'SystemVoidCosmosHALBlockDevicePortsSATAcctor', ID = '1200'
Method 'SystemVoidCosmosHALBlockDevicePortsSATAReadBlockSystemUInt64SystemUInt64SystemBytearray', ID = '1201'
Method 'CosmosHALBlockDeviceRegistersPortTypeCosmosHALBlockDevicePortsSATAget_mPortType', ID = '1202'
Method 'SystemStringCosmosHALBlockDevicePortsSATAget_mPortName', ID = '1203'
Method 'SystemUInt32CosmosHALBlockDevicePortsSATAget_mPortNumber', ID = '1204'
Method 'SystemInt32CosmosHALBlockDevicePortsSATAFindCMDSlot', ID = '1206'
Method 'SystemVoidCosmosHALBlockDeviceRegistersHBACommandHeaderset_CFLSystemByte', ID = '1207'
Method 'SystemVoidCosmosHALBlockDeviceRegistersHBACommandHeaderset_WriteSystemByte', ID = '1208'
Method 'SystemUInt16CosmosHALBlockDeviceRegistersHBACommandHeaderget_PRDTL', ID = '1209'
Method 'SystemVoidCosmosHALBlockDeviceRegistersHBACommandTablectorSystemUInt32SystemUInt32', ID = '1210'
Method 'SystemVoidCosmosHALBlockDeviceRegistersHBAPRDTEntryset_DBASystemUInt32', ID = '1212'
Method 'SystemVoidCosmosHALBlockDeviceRegistersHBAPRDTEntryset_DBCSystemUInt32', ID = '1213'
Method 'SystemVoidCosmosHALBlockDeviceRegistersHBAPRDTEntryset_InterruptOnCompletionSystemByte', ID = '1214'
Method 'SystemUInt32CosmosHALBlockDeviceRegistersHBACommandTableget_CFIS', ID = '1215'
Method 'SystemVoidCosmosHALBlockDeviceRegistersFISRegisterH2DctorSystemUInt32', ID = '1216'
Method 'SystemVoidCosmosHALBlockDeviceRegistersFISRegisterH2Dset_FISTypeSystemByte', ID = '1217'
Method 'SystemVoidCosmosHALBlockDeviceRegistersFISRegisterH2Dset_IsCommandSystemByte', ID = '1218'
Method 'SystemVoidCosmosHALBlockDeviceRegistersFISRegisterH2Dset_CommandSystemByte', ID = '1219'
Method 'SystemVoidCosmosHALBlockDeviceRegistersFISRegisterH2Dset_DeviceSystemByte', ID = '1220'
Method 'SystemVoidCosmosHALBlockDeviceRegistersFISRegisterH2Dset_LBA0SystemByte', ID = '1221'
Method 'SystemVoidCosmosHALBlockDeviceRegistersFISRegisterH2Dset_LBA1SystemByte', ID = '1222'
Method 'SystemVoidCosmosHALBlockDeviceRegistersFISRegisterH2Dset_LBA2SystemByte', ID = '1223'
Method 'SystemVoidCosmosHALBlockDeviceRegistersFISRegisterH2Dset_CountLSystemByte', ID = '1224'
Method 'SystemVoidCosmosHALBlockDeviceRegistersPortRegistersset_CISystemUInt32', ID = '1226'
Method 'SystemUInt32CosmosHALBlockDeviceRegistersPortRegistersget_IS', ID = '1227'
Method 'SystemVoidSystemCollectionsGenericList1anonymousTypeCosmosHALBlockDevicePortsStoragePortEnsureCapacitySystemInt32', ID = '1228'
Method 'SystemVoidSystemFormatExceptionctorSystemString', ID = '1230'
Method 'SystemInt32CosmosCommonStringHelperGetStringToNumberSystemString', ID = '1231'
Method 'SystemBooleanSystemCharIsDigitSystemChar', ID = '1232'
Method 'SystemVoidSystemCollectionsGenericList1anonymousTypeCosmosHALKeyboardBasecctor', ID = '1233'
Method 'SystemVoidSystemCollectionsGenericList1anonymousTypeCosmosHALKeyboardBaseAddWithResizeCosmosHALKeyboardBase', ID = '1245'
Method 'SystemVoidSystemCollectionsGenericList1EnumeratoranonymousTypeCosmosHALKeyboardBasectorSystemCollectionsGenericList1anonymousTypeCosmosHALKeyboardBase', ID = '1246'
Method 'SystemBooleanCosmosSystemScanMapBaseScanCodeMatchesKeySystemByteCosmosSystemConsoleKeyEx', ID = '1248'
Method 'SystemBooleanCosmosSystemKeyboardManagerget_CapsLock', ID = '1249'
Method 'SystemVoidCosmosSystemKeyboardManagerUpdateLeds', ID = '1250'
Method 'SystemBooleanCosmosSystemKeyboardManagerget_NumLock', ID = '1251'
Method 'SystemBooleanCosmosSystemKeyboardManagerget_ScrollLock', ID = '1252'
Method 'SystemVoidCosmosSystemKeyboardManagerset_ControlPressedSystemBoolean', ID = '1253'
Method 'SystemVoidCosmosSystemKeyboardManagerset_ShiftPressedSystemBoolean', ID = '1254'
Method 'SystemVoidCosmosSystemKeyboardManagerset_AltPressedSystemBoolean', ID = '1255'
Method 'SystemBooleanCosmosSystemKeyboardManagerget_ControlPressed', ID = '1256'
Method 'SystemBooleanCosmosSystemKeyboardManagerget_AltPressed', ID = '1257'
Method 'SystemVoidCosmosSystemPowerReboot', ID = '1258'
Method 'SystemBooleanCosmosSystemKeyboardManagerGetKeySystemByteCosmosSystemKeyEvent', ID = '1259'
Method 'SystemVoidCosmosSystemKeyboardManagerEnqueueCosmosSystemKeyEvent', ID = '1260'
Method 'SystemVoidCosmosHALPITUnregisterTimerSystemInt32', ID = '1262'
Method 'SystemVoidSystemCollectionsGenericList1anonymousTypeSystemCharset_CapacitySystemInt32', ID = '1264'
Method 'SystemVoidCosmosCore_AsmCPUImplHalt', ID = '1265'
Method 'SystemStringSystemSRget_InvalidOperation_EmptyQueue', ID = '1266'
Method 'SystemInt32CosmosCore_PlugsSystemStringImplCompareToSystemString', ID = '1270'
Method 'SystemVoidSystemCollectionsGenericList1anonymousTypeSystemInt32cctor', ID = '1271'
Method 'SystemInt32SystemStringIndexOfSystemChar', ID = '1277'
Method 'SystemVoidSystemCollectionsGenericList1anonymousTypeSystemInt32EnsureCapacitySystemInt32', ID = '1278'
Method 'SystemVoidSystemMathcctor', ID = '1279'
Method 'SystemBooleanSystemDoubleIsNaNSystemDouble', ID = '1281'
Method 'SystemBooleanSystemDoubleIsNegativeInfinitySystemDouble', ID = '1282'
Method 'SystemBooleanSystemDoubleIsPositiveInfinitySystemDouble', ID = '1283'
Method 'SystemBooleanSystemDoubleIsInfinitySystemDouble', ID = '1284'
Method 'SystemDoubleCosmosSystem_PlugsSystemMathImplAbsSystemDouble', ID = '1285'
Method 'SystemSingleCosmosSystem_PlugsSystemMathImplAbsSystemSingle', ID = '1286'
Method 'SystemDoubleCosmosSystem_PlugsSystemMathImplLogSystemDouble', ID = '1287'
Method 'SystemDoubleCosmosSystem_PlugsSystemMathImplExpSystemDouble', ID = '1288'
Method 'SystemSingleSystemRuntimeCompilerServicesUnsafeAsSystemByteSystemSingleSystemByte', ID = '1289'
Method 'SystemInt32CosmosSystem_PlugsSystemRandomImplGenerateGlobalSeed', ID = '1290'
Method 'SystemVoidCosmosSystem_PlugsSystemRandomImplCtorSystemInt32', ID = '1291'
Method 'SystemVoidSystemTextASCIIEncodingASCIIEncodingSealedctor', ID = '1292'
Method 'SystemVoidSystemBuffer_MemmoveSystemBytepointerSystemBytepointerSystemUInt32', ID = '1295'
Method 'SystemVoidSystemTextUTF8EncodingctorSystemBoolean', ID = '1297'
Method 'SystemInt32CosmosSystem_PlugsSystemRuntimeRuntimeHelpersImplget_OffsetToStringData', ID = '1298'
Method 'SystemInt32SystemTextASCIIEncodingGetByteCountSystemCharpointerSystemInt32SystemTextEncoderNLS', ID = '1300'
Method 'SystemInt32SystemTextUTF8EncodingGetByteCountSystemCharpointerSystemInt32SystemTextEncoderNLS', ID = '1301'
Method 'SystemInt32SystemTextEncodingGetByteCountSystemCharpointerSystemInt32', ID = '1302'
Method 'SystemStringSystemSRget_ArgumentOutOfRange_IndexCountBuffer', ID = '1303'
Method 'SystemInt32SystemTextASCIIEncodingGetBytesSystemCharpointerSystemInt32SystemBytepointerSystemInt32SystemTextEncoderNLS', ID = '1304'
Method 'SystemInt32SystemTextUTF8EncodingGetBytesSystemCharpointerSystemInt32SystemBytepointerSystemInt32SystemTextEncoderNLS', ID = '1305'
Method 'SystemInt32SystemTextEncodingGetBytesSystemCharpointerSystemInt32SystemBytepointerSystemInt32', ID = '1306'
Method 'SystemVoidCosmosCoreMemoryBlockMoveDownSystemUInt32SystemUInt32SystemUInt32', ID = '1307'
Method 'SystemVoidCosmosCoreMemoryBlockFillSystemUInt32SystemUInt32SystemUInt16', ID = '1308'
Method 'SystemVoidCosmosCoreMemoryBlock08set_ItemSystemUInt32SystemByte', ID = '1309'
Method 'SystemVoidCosmosCore_PlugsSystemTypeImplcctor', ID = '1310'
Method 'SystemVoidSystemReflectionMemberInfoctor', ID = '1311'
Method 'SystemStringSystemStringJoinCoreSystemCharpointerSystemInt32SystemObjectarray', ID = '1312'
Method 'SystemGlobalizationCultureInfoCosmosCore_PlugsSystemGlobalizationCultureInfoImplget_CurrentCulture', ID = '1314'
Method 'SystemStringCosmosCore_PlugsSystemStringImplToLowerSystemGlobalizationCultureInfo', ID = '1315'
Method 'SystemVoidCosmosCoreIOPortBasectorSystemUInt16SystemUInt16', ID = '1316'
Method 'SystemVoidSystemCollectionsGenericList1anonymousTypeCosmosHALPCIDeviceset_CapacitySystemInt32', ID = '1317'
Method 'SystemStringSystemSRGetResourceStringSystemString', ID = '1318'
Method 'SystemUInt16CosmosCore_AsmIOPortImplRead16SystemUInt16', ID = '1325'
Method 'SystemArgumentNullExceptionSystemThrowHelperGetArgumentNullExceptionSystemExceptionArgument', ID = '1326'
Method 'SystemArgumentExceptionSystemThrowHelperGetArgumentExceptionSystemExceptionResourceSystemExceptionArgument', ID = '1327'
Method 'SystemStringSystemGuidToStringSystemStringSystemIFormatProvider', ID = '1329'
Method 'SystemVoidSystemCollectionsGenericList1anonymousTypeCosmosHALBlockDeviceGPTGPartInfoEnsureCapacitySystemInt32', ID = '1330'
Method 'SystemVoidSystemCollectionsGenericList1anonymousTypeCosmosHALBlockDeviceMBRPartInfoEnsureCapacitySystemInt32', ID = '1331'
Method 'SystemVoidSystemCollectionsGenericList1anonymousTypeCosmosHALBlockDeviceEBRPartInfoEnsureCapacitySystemInt32', ID = '1332'
Method 'SystemVoidCosmosCore_AsmIOPortImplWrite16SystemUInt16SystemUInt16', ID = '1333'
Method 'SystemVoidCosmosCoreMemoryOperationsFillSystemBytepointerSystemByteSystemInt32', ID = '1335'
Method 'SystemVoidCosmosCoreMemoryBlock16set_ItemSystemUInt32SystemUInt16', ID = '1341'
Method 'SystemVoidCosmosHALBlockDevicePortsSATASendSATA48CommandCosmosHALBlockDeviceRegistersATACommandsSystemUInt64SystemUInt32', ID = '1342'
Method 'SystemVoidCosmosCoreMemoryBlockRead8SystemBytearray', ID = '1343'
Method 'SystemUInt32CosmosHALBlockDeviceRegistersPortRegistersget_SACT', ID = '1344'
Method 'SystemByteCosmosCoreMemoryBlock08get_ItemSystemUInt32', ID = '1345'
Method 'SystemUInt16CosmosCoreMemoryBlock16get_ItemSystemUInt32', ID = '1346'
Method 'SystemVoidCosmosHALBlockDeviceRegistersHBAPRDTEntryctorSystemUInt32SystemUInt32', ID = '1348'
Method 'SystemBooleanSystemStringIsNullOrWhiteSpaceSystemString', ID = '1350'
Method 'SystemBooleanSystemCharIsLatin1SystemChar', ID = '1351'
Method 'SystemGlobalizationUnicodeCategorySystemGlobalizationCharUnicodeInfoGetUnicodeCategorySystemChar', ID = '1352'
Method 'SystemVoidCosmosSystemScanMapsUS_StandardInitKeys', ID = '1353'
Method 'SystemVoidSystemArrayEmptyArray1anonymousTypeCosmosSystemKeyEventcctor', ID = '1357'
Method 'SystemVoidSystemCollectionsGenericList1anonymousTypeCosmosHALKeyboardBaseEnsureCapacitySystemInt32', ID = '1358'
Method 'SystemVoidSystemCollectionsGenericList1EnumeratoranonymousTypeCosmosHALKeyboardBaseDispose', ID = '1359'
Method 'CosmosHALKeyboardBaseSystemCollectionsGenericList1EnumeratoranonymousTypeCosmosHALKeyboardBaseget_Current', ID = '1360'
Method 'SystemBooleanSystemCollectionsGenericList1EnumeratoranonymousTypeCosmosHALKeyboardBaseMoveNext', ID = '1361'
Method 'CosmosSystemKeyMappingSystemCollectionsGenericList1anonymousTypeCosmosSystemKeyMappingget_ItemSystemInt32', ID = '1362'
Method 'SystemInt32SystemCollectionsGenericList1anonymousTypeCosmosSystemKeyMappingget_Count', ID = '1364'
Method 'SystemCollectionsGenericList1EnumeratoranonymousTypeCosmosHALKeyboardBaseSystemCollectionsGenericList1anonymousTypeCosmosHALKeyboardBaseGetEnumerator', ID = '1365'
Method 'SystemVoidCosmosHALPowerCPUReboot', ID = '1370'
Method 'SystemBooleanCosmosSystemKeyboardManagerget_ShiftPressed', ID = '1372'
Method 'CosmosSystemKeyEventCosmosSystemScanMapBaseConvertScanCodeSystemByteSystemBooleanSystemBooleanSystemBooleanSystemBooleanSystemBooleanSystemBoolean', ID = '1373'
Method 'SystemVoidSystemCollectionsGenericQueue1anonymousTypeCosmosSystemKeyEventEnqueueCosmosSystemKeyEvent', ID = '1374'
Method 'SystemVoidSystemCollectionsGenericList1anonymousTypeSystemInt32set_CapacitySystemInt32', ID = '1377'
Method 'SystemVoidCosmosSystem_PlugsSystemMathImplcctor', ID = '1381'
Method 'SystemInt32CosmosSystem_PlugsSystemMathImplHighWordSystemDouble', ID = '1382'
Method 'SystemInt32CosmosSystem_PlugsSystemMathImplLowWordSystemDouble', ID = '1383'
Method 'SystemBytearraySystemBitConverterGetBytesSystemInt64', ID = '1384'
Method 'SystemBytearraySystemBitConverterGetBytesSystemInt32', ID = '1385'
Method 'SystemDoubleSystemBitConverterToDoubleSystemBytearraySystemInt32', ID = '1386'
Method 'SystemByteCosmosHALRTCget_Second', ID = '1387'
Method 'SystemVoidSystemTextASCIIEncodingctor', ID = '1389'
Method 'SystemInt32SystemTextUTF8EncodingGetByteCountSystemString', ID = '1392'
Method 'SystemInt32SystemTextUTF8EncodingGetBytesSystemStringSystemInt32SystemInt32SystemBytearraySystemInt32', ID = '1393'
Method 'SystemInt32SystemTextUTF8EncodingGetByteCountSystemChararraySystemInt32SystemInt32', ID = '1394'
Method 'SystemInt32SystemTextUTF8EncodingGetBytesSystemChararraySystemInt32SystemInt32SystemBytearraySystemInt32', ID = '1395'
Method 'SystemVoidSystemTextUTF8EncodingctorSystemBooleanSystemBoolean', ID = '1396'
Method 'SystemTextEncoderFallbackSystemTextEncoderget_Fallback', ID = '1399'
Method 'SystemBooleanSystemTextEncoderget_InternalHasFallbackBuffer', ID = '1401'
Method 'SystemTextEncoderFallbackBufferSystemTextEncoderget_FallbackBuffer', ID = '1402'
Method 'SystemStringSystemSRget_Argument_EncoderFallbackNotEmpty', ID = '1404'
Method 'SystemStringSystemTextEncodingget_EncodingName', ID = '1405'
Method 'SystemStringSystemSRFormatSystemStringSystemObjectSystemObject', ID = '1406'
Method 'SystemVoidSystemArgumentExceptionctorSystemString', ID = '1407'
Method 'SystemVoidSystemTextEncoderFallbackBufferInternalInitializeSystemCharpointerSystemCharpointerSystemTextEncoderNLSSystemBoolean', ID = '1408'
Method 'SystemTextEncoderFallbackSystemTextEncodingget_EncoderFallback', ID = '1409'
Method 'SystemBooleanSystemTextEncoderFallbackBufferInternalFallbackSystemCharSystemCharpointer', ID = '1411'
Method 'SystemCharSystemTextEncoderFallbackBufferInternalGetNextChar', ID = '1413'
Method 'SystemBooleanSystemTextUTF8EncodingInRangeSystemInt32SystemInt32SystemInt32', ID = '1416'
Method 'SystemBooleanSystemTextEncoderNLSget_MustFlush', ID = '1417'
Method 'SystemInt32SystemTextUTF8EncodingPtrDiffSystemCharpointerSystemCharpointer', ID = '1418'
Method 'SystemInt32SystemTextASCIIEncodingGetByteCountSystemCharpointerSystemInt32', ID = '1419'
Method 'SystemInt32SystemTextUTF8EncodingGetByteCountSystemCharpointerSystemInt32', ID = '1420'
Method 'SystemStringSystemTextEncoderReplacementFallbackget_DefaultString', ID = '1421'
Method 'SystemVoidSystemTextEncodingThrowBytesOverflowSystemTextEncoderNLSSystemBoolean', ID = '1422'
Method 'SystemInt32SystemTextUTF8EncodingPtrDiffSystemBytepointerSystemBytepointer', ID = '1424'
Method 'SystemInt32SystemTextASCIIEncodingGetBytesSystemCharpointerSystemInt32SystemBytepointerSystemInt32', ID = '1425'
Method 'SystemInt32SystemTextUTF8EncodingGetBytesSystemCharpointerSystemInt32SystemBytepointerSystemInt32', ID = '1426'
Method 'SystemVoidCosmosCoreMemoryOperationsFillSystemUInt16pointerSystemUInt16SystemInt32', ID = '1428'
Method 'SystemTextStringBuilderSystemTextStringBuilderCacheAcquireSystemInt32', ID = '1430'
Method 'SystemTextStringBuilderSystemTextStringBuilderAppendSystemString', ID = '1431'
Method 'SystemTextStringBuilderSystemTextStringBuilderAppendSystemCharpointerSystemInt32', ID = '1432'
Method 'SystemStringSystemTextStringBuilderCacheGetStringAndReleaseSystemTextStringBuilder', ID = '1433'
Method 'SystemStringSystemGlobalizationCultureInfoToString', ID = '1435'
Method 'SystemStringCosmosCore_PlugsSystemStringImplChangeCasingSystemStringSystemInt32SystemInt32SystemInt32', ID = '1437'
Method 'SystemStringSystemSRget_Format_InvalidGuidFormatSpecification', ID = '1438'
Method 'SystemInt32SystemGuidHexsToCharsSystemCharpointerSystemInt32SystemInt32', ID = '1439'
Method 'SystemInt32SystemGuidHexsToCharsHexOutputSystemCharpointerSystemInt32SystemInt32', ID = '1440'
Method 'SystemVoidSystemCollectionsGenericList1anonymousTypeCosmosHALBlockDeviceGPTGPartInfoset_CapacitySystemInt32', ID = '1441'
Method 'SystemVoidSystemCollectionsGenericList1anonymousTypeCosmosHALBlockDeviceMBRPartInfoset_CapacitySystemInt32', ID = '1442'
Method 'SystemVoidSystemCollectionsGenericList1anonymousTypeCosmosHALBlockDeviceEBRPartInfoset_CapacitySystemInt32', ID = '1443'
Method 'SystemVoidCosmosHALBlockDeviceRegistersFISRegisterH2Dset_LBA3SystemByte', ID = '1446'
Method 'SystemVoidCosmosHALBlockDeviceRegistersFISRegisterH2Dset_LBA4SystemByte', ID = '1447'
Method 'SystemVoidCosmosHALBlockDeviceRegistersFISRegisterH2Dset_LBA5SystemByte', ID = '1448'
Method 'SystemVoidCosmosHALBlockDeviceRegistersFISRegisterH2Dset_CountHSystemByte', ID = '1449'
Method 'SystemBooleanSystemCharIsWhiteSpaceSystemChar', ID = '1450'
Method 'SystemVoidSystemCollectionsGenericList1anonymousTypeCosmosSystemKeyMappingctorSystemInt32', ID = '1454'
Method 'SystemVoidCosmosSystemKeyMappingctorSystemByteCosmosSystemConsoleKeyEx', ID = '1455'
Method 'SystemVoidSystemCollectionsGenericList1anonymousTypeCosmosSystemKeyMappingAddCosmosSystemKeyMapping', ID = '1456'
Method 'SystemVoidCosmosSystemKeyMappingctorSystemByteSystemCharSystemCharSystemCharSystemCharSystemCharSystemCharCosmosSystemConsoleKeyEx', ID = '1457'
Method 'SystemVoidCosmosSystemKeyMappingctorSystemByteSystemCharCosmosSystemConsoleKeyEx', ID = '1458'
Method 'SystemVoidCosmosSystemKeyMappingctorSystemByteSystemCharSystemCharSystemCharSystemCharSystemCharSystemCharCosmosSystemConsoleKeyExCosmosSystemConsoleKeyEx', ID = '1459'
Method 'SystemVoidSystemCollectionsGenericList1anonymousTypeCosmosHALKeyboardBaseset_CapacitySystemInt32', ID = '1460'
Method 'SystemBooleanSystemCollectionsGenericList1EnumeratoranonymousTypeCosmosHALKeyboardBaseMoveNextRare', ID = '1461'
Method 'SystemVoidCosmosCoreCPUReboot', ID = '1464'
Method 'SystemVoidCosmosSystemKeyEventctor', ID = '1465'
Method 'SystemConsoleModifiersCosmosSystemKeyEventget_Modifiers', ID = '1466'
Method 'SystemVoidCosmosSystemKeyEventset_ModifiersSystemConsoleModifiers', ID = '1467'
Method 'SystemVoidCosmosSystemKeyEventset_TypeCosmosSystemKeyEventKeyEventType', ID = '1468'
Method 'SystemVoidCosmosSystemKeyEventset_KeyCharSystemChar', ID = '1469'
Method 'SystemVoidCosmosSystemKeyEventset_KeyCosmosSystemConsoleKeyEx', ID = '1470'
Method 'SystemVoidSystemCollectionsGenericQueue1anonymousTypeCosmosSystemKeyEventSetCapacitySystemInt32', ID = '1471'
Method 'SystemInt32CosmosCore_PlugsSystemStringImplIndexOfSystemCharSystemInt32SystemInt32', ID = '1472'
Method 'SystemInt64SystemRuntimeCompilerServicesUnsafeAsSystemByteSystemInt64SystemByte', ID = '1474'
Method 'SystemInt32SystemRuntimeCompilerServicesUnsafeAsSystemByteSystemInt32SystemByte', ID = '1475'
Method 'SystemVoidCosmosHALRTCWaitForReady', ID = '1477'
Method 'SystemByteCosmosHALRTCFromBCDSystemByte', ID = '1480'
Method 'SystemVoidSystemTextEncodingctorSystemInt32', ID = '1481'
Method 'SystemVoidCosmosCore_PlugsSystemBufferImpl__MemmoveSystemBytepointerSystemBytepointerSystemUInt32', ID = '1482'
Method 'SystemVoidSystemTextUTF8Encodingcctor', ID = '1483'
Method 'SystemVoidSystemTextEncodingSetDefaultFallbacks', ID = '1484'
Method 'SystemTextEncoderFallbackSystemTextEncoderFallbackget_ReplacementFallback', ID = '1486'
Method 'SystemInt32SystemTextEncoderReplacementFallbackget_MaxCharCount', ID = '1487'
Method 'SystemBooleanSystemCharIsHighSurrogateSystemChar', ID = '1489'
Method 'SystemBooleanSystemCharIsLowSurrogateSystemChar', ID = '1490'
Method 'SystemInt32SystemCharConvertToUtf32SystemCharSystemChar', ID = '1491'
Method 'SystemVoidSystemTextEncoderFallbackBufferThrowLastCharRecursiveSystemInt32', ID = '1492'
Method 'SystemTextEncoderFallbackBufferSystemTextEncoderReplacementFallbackCreateFallbackBuffer', ID = '1495'
Method 'SystemTextEncoderFallbackBufferCosmosCore_PlugsSystemTextEncoderFallbackImplCreateFallbackBuffer', ID = '1496'
Method 'SystemVoidSystemTextEncoderFallbackBufferInternalReset', ID = '1498'
Method 'SystemVoidSystemTextEncodingThrowBytesOverflow', ID = '1499'
Method 'SystemVoidSystemTextEncoderNLSClearMustFlush', ID = '1500'
Method 'SystemVoidCosmosCore_PlugsMemoryOperationsMemoryOperationsImplCopySystemBytepointerSystemBytepointerSystemInt32', ID = '1501'
Method 'SystemInt32SystemTextStringBuilderget_Capacity', ID = '1506'
Method 'SystemTextStringBuilderSystemTextStringBuilderClear', ID = '1507'
Method 'SystemVoidSystemTextStringBuilderctorSystemInt32', ID = '1508'
Method 'SystemVoidSystemTextStringBuilderAppendHelperSystemString', ID = '1509'
Method 'SystemStringSystemSRget_ArgumentOutOfRange_NegativeCount', ID = '1510'
Method 'SystemInt32SystemTextStringBuilderget_Length', ID = '1511'
Method 'SystemStringSystemSRget_ArgumentOutOfRange_LengthGreaterThanCapacity', ID = '1512'
Method 'SystemVoidSystemTextStringBuilderThreadSafeCopySystemCharpointerSystemChararraySystemInt32SystemInt32', ID = '1513'
Method 'SystemVoidSystemTextStringBuilderExpandByABlockSystemInt32', ID = '1514'
Method 'SystemVoidSystemTextStringBuilderCacheReleaseSystemTextStringBuilder', ID = '1515'
Method 'SystemVoidCosmosCore_PlugsSystemGlobalizationCultureInfoImplCCtor', ID = '1516'
Method 'SystemCharSystemGuidHexToCharSystemInt32', ID = '1517'
Method 'SystemVoidCosmosCore_PlugsMemoryOperationsMemoryOperationsImplFillSystemBytepointerSystemInt32SystemInt32', ID = '1518'
Method 'SystemBooleanSystemCharIsWhiteSpaceLatin1SystemChar', ID = '1519'
Method 'SystemBooleanSystemGlobalizationCharUnicodeInfoIsWhiteSpaceSystemChar', ID = '1520'
Method 'SystemByteCosmosCore_PlugsSystemGlobalizationCharUnicodeInfoImplInternalGetUnicodeCategorySystemInt32', ID = '1522'
Method 'SystemVoidSystemCollectionsGenericList1anonymousTypeCosmosSystemKeyMappingAddWithResizeCosmosSystemKeyMapping', ID = '1524'
Method 'SystemVoidCosmosSystemKeyMappingctorSystemByteSystemCharSystemCharSystemCharSystemCharSystemCharSystemCharSystemCharSystemCharSystemCharSystemCharCosmosSystemConsoleKeyEx', ID = '1525'
Method 'SystemVoidCosmosSystemKeyMappingctorSystemByteSystemCharSystemCharSystemCharSystemCharSystemCharSystemCharSystemCharCosmosSystemConsoleKeyExCosmosSystemConsoleKeyEx', ID = '1526'
Method 'SystemVoidSystemCollectionsGenericList1anonymousTypeCosmosSystemKeyMappingcctor', ID = '1527'
Method 'SystemVoidCosmosHALRTCcctor', ID = '1535'
Method 'SystemVoidSystemTextASCIIEncodingSetDefaultFallbacks', ID = '1538'
Method 'SystemVoidSystemTextUTF8EncodingSetDefaultFallbacks', ID = '1539'
Method 'SystemVoidSystemTextInternalEncoderBestFitFallbackctorSystemTextEncoding', ID = '1540'
Method 'SystemVoidSystemTextInternalDecoderBestFitFallbackctorSystemTextEncoding', ID = '1541'
Method 'SystemVoidSystemThreadingMonitorEnterSystemObjectSystemBoolean', ID = '1544'
Method 'SystemVoidSystemTextEncoderReplacementFallbackctor', ID = '1545'
Method 'SystemStringSystemSRget_ArgumentOutOfRange_InvalidHighSurrogate', ID = '1547'
Method 'SystemStringSystemSRget_ArgumentOutOfRange_InvalidLowSurrogate', ID = '1548'
Method 'SystemStringSystemSRget_Argument_RecursiveFallback', ID = '1549'
Method 'SystemVoidSystemTextEncoderReplacementFallbackBufferctorSystemTextEncoderReplacementFallback', ID = '1550'
Method 'SystemVoidSystemTextEncoderFallbackBufferReset', ID = '1552'
Method 'SystemStringSystemSRget_Argument_EncodingConversionOverflowBytes', ID = '1553'
Method 'SystemVoidCosmosCore_PlugsMemoryOperationsMemoryOperationsImplCopyTinySystemBytepointerSystemBytepointerSystemInt32', ID = '1555'
Method 'SystemInt32SystemMathDivRemSystemInt32SystemInt32SystemInt32', ID = '1556'
Method 'SystemVoidCosmosCore_PlugsMemoryOperationsMemoryOperationsImplCopy128BlocksSystemBytepointerSystemBytepointerSystemInt32', ID = '1557'
Method 'SystemStringSystemTextStringBuilderToString', ID = '1558'
Method 'SystemVoidSystemTextStringBuilderset_LengthSystemInt32', ID = '1559'
Method 'SystemVoidSystemTextStringBuilderctorSystemInt32SystemInt32', ID = '1560'
Method 'SystemStringSystemSRget_ArgumentOutOfRange_SmallCapacity', ID = '1561'
Method 'SystemInt32SystemMathMinSystemInt32SystemInt32', ID = '1562'
Method 'SystemInt32SystemMathMaxSystemInt32SystemInt32', ID = '1563'
Method 'SystemVoidSystemTextStringBuilderctorSystemTextStringBuilder', ID = '1564'
Method 'SystemVoidCosmosCore_PlugsMemoryOperationsMemoryOperationsImplFill16BlocksSystemBytepointerSystemInt32SystemInt32', ID = '1565'
Method 'SystemVoidCosmosCore_PlugsSystemCharUnicodeInfoImplCctor', ID = '1566'
Method 'SystemVoidSystemCollectionsGenericList1anonymousTypeCosmosSystemKeyMappingEnsureCapacitySystemInt32', ID = '1568'
Method 'SystemVoidCosmosSystemKeyMappingctorSystemByteSystemCharSystemCharSystemCharSystemCharSystemCharSystemCharSystemCharSystemCharSystemCharSystemCharCosmosSystemConsoleKeyExCosmosSystemConsoleKeyEx', ID = '1569'
Method 'SystemTextDecoderFallbackSystemTextDecoderFallbackget_ReplacementFallback', ID = '1572'
Method 'SystemTextEncoderFallbackSystemTextEncoderFallbackget_ExceptionFallback', ID = '1573'
Method 'SystemTextDecoderFallbackSystemTextDecoderFallbackget_ExceptionFallback', ID = '1574'
Method 'SystemVoidSystemTextEncoderReplacementFallbackctorSystemString', ID = '1575'
Method 'SystemVoidSystemTextDecoderReplacementFallbackctorSystemString', ID = '1576'
Method 'SystemVoidSystemTextEncoderFallbackctor', ID = '1578'
Method 'SystemVoidSystemTextDecoderFallbackctor', ID = '1580'
Method 'SystemObjectCosmosCore_PlugsSystemTextEncoderFallbackImplget_InternalSyncObject', ID = '1582'
Method 'SystemVoidSystemThreadingMonitorThrowLockTakenException', ID = '1585'
Method 'SystemVoidCosmosCore_PlugsSystemThreadingMonitorImplExitSystemObject', ID = '1587'
Method 'SystemVoidSystemTextEncoderFallbackBufferctor', ID = '1589'
Method 'SystemVoidSystemTextEncoderReplacementFallbackBufferReset', ID = '1590'
Method 'SystemVoidCosmosCore_PlugsMemoryOperationsMemoryOperationsImplCopy64BytesSystemBytepointerSystemBytepointer', ID = '1591'
Method 'SystemVoidCosmosCore_PlugsMemoryOperationsMemoryOperationsImplCopy16BytesSystemBytepointerSystemBytepointer', ID = '1592'
Method 'SystemVoidCosmosCore_PlugsMemoryOperationsMemoryOperationsImplCopy32BytesSystemBytepointerSystemBytepointer', ID = '1593'
Method 'SystemVoidCosmosCore_PlugsMemoryOperationsMemoryOperationsImplCopy128BytesSystemBytepointerSystemBytepointer', ID = '1594'
Method 'SystemInt32SystemTextStringBuilderget_MaxCapacity', ID = '1595'
Method 'SystemTextStringBuilderSystemTextStringBuilderAppendSystemCharSystemInt32', ID = '1596'
Method 'SystemTextStringBuilderSystemTextStringBuilderFindChunkForIndexSystemInt32', ID = '1597'
Method 'SystemStringSystemSRget_ArgumentOutOfRange_Capacity', ID = '1598'
Method 'SystemStringSystemSRget_ArgumentOutOfRange_SmallMaxCapacity', ID = '1599'
Method 'SystemStringSystemSRget_ArgumentOutOfRange_MustBePositive', ID = '1600'
Method 'SystemVoidSystemCollectionsGenericList1anonymousTypeCosmosSystemKeyMappingset_CapacitySystemInt32', ID = '1602'
Method 'SystemVoidSystemTextDecoderReplacementFallbackctor', ID = '1605'
Method 'SystemVoidSystemTextEncoderExceptionFallbackctor', ID = '1607'
Method 'SystemVoidSystemTextDecoderExceptionFallbackctor', ID = '1609'
Method 'SystemBooleanSystemCharIsSurrogateSystemStringSystemInt32', ID = '1610'
Method 'SystemBooleanSystemCharIsHighSurrogateSystemStringSystemInt32', ID = '1611'
Method 'SystemStringSystemSRget_Argument_InvalidCharSequenceNoIndex', ID = '1612'
Method 'SystemInt32SystemTextInternalEncoderBestFitFallbackget_MaxCharCount', ID = '1614'
Method 'SystemStringSystemSRget_Argument_MustBeFalse', ID = '1616'
Method 'SystemVoidCosmosCore_PlugsSystemThreadingMonitorImplReliableEnterSystemObjectSystemBoolean', ID = '1617'
Method 'SystemInt32SystemTextEncoderReplacementFallbackBufferget_Remaining', ID = '1619'
Method 'SystemBooleanSystemTextEncoderReplacementFallbackBufferMovePrevious', ID = '1620'
Method 'SystemBooleanSystemTextEncoderReplacementFallbackBufferFallbackSystemCharSystemCharSystemInt32', ID = '1621'
Method 'SystemBooleanSystemTextEncoderReplacementFallbackBufferFallbackSystemCharSystemInt32', ID = '1622'
Method 'SystemCharSystemTextEncoderReplacementFallbackBufferGetNextChar', ID = '1623'
Method 'SystemObjectCosmosCore_PlugsSystemTextDecoderFallbackImplget_InternalSyncObject', ID = '1624'
Method 'SystemBooleanSystemCharIsSurrogateSystemChar', ID = '1627'
Method 'SystemTextEncoderFallbackBufferCosmosCore_PlugsSystemTextInternalEncoderBestFitFallbackImplCreateFallbackBuffer', ID = '1628'
Method 'SystemStringSystemSRget_ArgumentOutOfRange_Range', ID = '1629'
Method 'SystemInt32SystemTextEncoderExceptionFallbackget_MaxCharCount', ID = '1631'
Method 'SystemTextEncoderFallbackBufferSystemTextEncoderExceptionFallbackCreateFallbackBuffer', ID = '1632'
Method 'SystemVoidSystemTextEncoderExceptionFallbackBufferctor', ID = '1634'
Method 'SystemInt32SystemTextEncoderExceptionFallbackBufferget_Remaining', ID = '1636'
Method 'SystemBooleanSystemTextEncoderExceptionFallbackBufferMovePrevious', ID = '1637'
Method 'SystemBooleanSystemTextEncoderExceptionFallbackBufferFallbackSystemCharSystemCharSystemInt32', ID = '1638'
Method 'SystemBooleanSystemTextEncoderExceptionFallbackBufferFallbackSystemCharSystemInt32', ID = '1639'
Method 'SystemCharSystemTextEncoderExceptionFallbackBufferGetNextChar', ID = '1640'
Method 'SystemStringSystemSRget_Argument_InvalidCodePageConversionIndex', ID = '1641'
Method 'SystemVoidSystemTextEncoderFallbackExceptionctorSystemStringSystemCharSystemCharSystemInt32', ID = '1642'
Method 'SystemVoidSystemTextEncoderFallbackExceptionctorSystemStringSystemCharSystemInt32', ID = '1643'
